#
# A fatal error has been detected by the Java Runtime Environment:
#
#  SIGSEGV (0xb) at pc=0x00007f115a42b46e, pid=114, tid=0x00007f1117cfc700
#
# JRE version: Java(TM) SE Runtime Environment (8.0_201-b09) (build 1.8.0_201-b09)
# Java VM: Java HotSpot(TM) 64-Bit Server VM (25.201-b09 mixed mode linux-amd64 compressed oops)
# Problematic frame:
# J 9178 C1 org.codehaus.groovy.runtime.ArrayUtil.createArray(Ljava/lang/Object;Ljava/lang/Object;Ljava/lang/Object;)[Ljava/lang/Object; (17 bytes) @ 0x00007f115a42b46e [0x00007f115a42b340+0x12e]
#
# Failed to write core dump. Core dumps have been disabled. To enable core dumping, try "ulimit -c unlimited" before starting Java again
#
# If you would like to submit a bug report, please visit:
#   http://bugreport.java.com/bugreport/crash.jsp
#

---------------  T H R E A D  ---------------

Current thread (0x00007f1169a09800):  JavaThread "http-nio-8080-exec-5" daemon [_thread_in_Java, id=150, stack(0x00007f1117bfc000,0x00007f1117cfd000)]

siginfo: si_signo: 11 (SIGSEGV), si_code: 1 (SEGV_MAPERR), si_addr: 0x000000028b6b1868

Registers:
RAX=0x00000000f14508d0, RBX=0x0000000100000f28, RCX=0x0000000000000028, RDX=0x000000028b6b1840
RSP=0x00007f1117ced3d0, RBP=0x00007f1117ced480, RSI=0x00000000f14508e4, RDI=0x00007f116da8c000
R8 =0x00000000d1181c80, R9 =0x00007f11516d63a0, R10=0x00000000d1181c80, R11=0x00007f1100001fa0
R12=0x0000000000000000, R13=0x00007f1117ced418, R14=0x00007f1117ced4b8, R15=0x00007f1169a09800
RIP=0x00007f115a42b46e, EFLAGS=0x0000000000010216, CSGSFS=0x002b000000000033, ERR=0x0000000000000004
  TRAPNO=0x000000000000000e

Top of Stack: (sp=0x00007f1117ced3d0)
0x00007f1117ced3d0:   00007f1158ccf7b0 00007f1169a09800
0x00007f1117ced3e0:   00007f11590055d0 00007f1100000000
0x00007f1117ced3f0:   00007f1117ced500 00007f1117ced498
0x00007f1117ced400:   00007f1117ced480 00007f11590080e0
0x00007f1117ced410:   00007f11590080e0 00007f1100001fa0
0x00007f1117ced420:   00007f11516d63a0 00000000d1181c80
0x00007f1117ced430:   00000000d2d5b780 00000000fc75de70
0x00007f1117ced440:   00007f1117ced440 00007f1158cd41ff
0x00007f1117ced450:   00007f1117ced4b8 00007f1158cd6340
0x00007f1117ced460:   0000000000000000 00007f1158cd4260
0x00007f1117ced470:   00007f1117ced418 00007f1117ced498
0x00007f1117ced480:   00007f1117ced500 00007f11590081b4
0x00007f1117ced490:   00000000fc75de70 00007f1100001fa0
0x00007f1117ced4a0:   00007f11516d63a0 00000000d1181c80
0x00007f1117ced4b0:   00000000d2d5b780 00000000fc75de70
0x00007f1117ced4c0:   00007f1117ced4c0 00007f111663f377
0x00007f1117ced4d0:   00007f1117ced520 00007f111664bd48
0x00007f1117ced4e0:   0000000000000000 00007f111663f3b0
0x00007f1117ced4f0:   00007f1117ced498 00007f1117ced518
0x00007f1117ced500:   00007f1117ced568 00007f11590080e0
0x00007f1117ced510:   00000000fc75c8d8 00007f1100001fa0
0x00007f1117ced520:   00007f11516d63a0 00007f1117ced528
0x00007f1117ced530:   00007f1116631a52 00007f1117ced590
0x00007f1117ced540:   00007f1116649d08 0000000000000000
0x00007f1117ced550:   00007f1116631a58 00007f1117ced518
0x00007f1117ced560:   00007f1117ced578 00007f1117ced5d8
0x00007f1117ced570:   00007f11590081b4 00007f1100001fa0
0x00007f1117ced580:   00007f11516d63a0 0000000000000000
0x00007f1117ced590:   00000000fc888778 00007f1117ced598
0x00007f1117ced5a0:   00007f11516d6350 00007f1117ced5f8
0x00007f1117ced5b0:   00007f115099c868 0000000000000000
0x00007f1117ced5c0:   00007f11516d63a0 00007f1117ced578 

Instructions: (pc=0x00007f115a42b46e)
0x00007f115a42b44e:   08 48 c1 e3 03 41 8b 51 08 48 c1 e2 03 48 8b 9b
0x00007f115a42b45e:   e8 00 00 00 48 3b d3 0f 84 28 00 00 00 8b 4b 0c
0x00007f115a42b46e:   48 3b 1c 0a 0f 84 1b 00 00 00 83 f9 18 0f 85 ac
0x00007f115a42b47e:   00 00 00 52 53 e8 18 c0 cd fe 5a 5b 83 fb 00 0f 

Register to memory mapping:

RAX=0x00000000f14508d0 is an oop
[Ljava.lang.Object; 
 - klass: 'java/lang/Object'[]
 - length: 3
RBX=0x0000000100000f28 is pointing into metadata
RCX=0x0000000000000028 is an unknown value
RDX=0x000000028b6b1840 is an unknown value
RSP=0x00007f1117ced3d0 is pointing into the stack for thread: 0x00007f1169a09800
RBP=0x00007f1117ced480 is pointing into the stack for thread: 0x00007f1169a09800
RSI=0x00000000f14508e4 is an unknown value
RDI=0x00007f116da8c000 is an unknown value
R8 =0x00000000d1181c80 is an oop
java.lang.Class 
 - klass: 'java/lang/Class'
R9 ={method} {0x00007f11516d63a0} 'executeQuery' '(Ljava/lang/CharSequence;[Ljava/lang/Object;)Ljava/util/List;' in 'ddtr/DLC'
R10=0x00000000d1181c80 is an oop
java.lang.Class 
 - klass: 'java/lang/Class'
R11=0x00007f1100001fa0 is an unknown value
R12=0x0000000000000000 is an unknown value
R13=0x00007f1117ced418 is pointing into the stack for thread: 0x00007f1169a09800
R14=0x00007f1117ced4b8 is pointing into the stack for thread: 0x00007f1169a09800
R15=0x00007f1169a09800 is a thread


Stack: [0x00007f1117bfc000,0x00007f1117cfd000],  sp=0x00007f1117ced3d0,  free space=964k
Native frames: (J=compiled Java code, j=interpreted, Vv=VM code, C=native code)
J 9178 C1 org.codehaus.groovy.runtime.ArrayUtil.createArray(Ljava/lang/Object;Ljava/lang/Object;Ljava/lang/Object;)[Ljava/lang/Object; (17 bytes) @ 0x00007f115a42b46e [0x00007f115a42b340+0x12e]
j  org.codehaus.groovy.runtime.callsite.AbstractCallSite.call(Ljava/lang/Object;Ljava/lang/Object;Ljava/lang/Object;Ljava/lang/Object;)Ljava/lang/Object;+39
j  ddtr.DLC$$ERKcS1Cq.executeQuery(Ljava/lang/CharSequence;[Ljava/lang/Object;)Ljava/util/List;+15
j  ddtr.DLC$$DRKcS1Cq.executeQuery(Lddtr/DLC;Ljava/lang/CharSequence;[Ljava/lang/Object;)Ljava/util/List;+2
j  ddtr.DLC.executeQuery(Ljava/lang/CharSequence;[Ljava/lang/Object;)Ljava/util/List;+24
v  ~StubRoutines::call_stub
V  [libjvm.so+0x68825b]  JavaCalls::call_helper(JavaValue*, methodHandle*, JavaCallArguments*, Thread*)+0xddb
V  [libjvm.so+0x999f25]  Reflection::invoke(instanceKlassHandle, methodHandle, Handle, bool, objArrayHandle, BasicType, objArrayHandle, bool, Thread*)+0xb65
V  [libjvm.so+0x99b866]  Reflection::invoke_method(oopDesc*, Handle, objArrayHandle, Thread*)+0x126
V  [libjvm.so+0x6fd2b2]  JVM_InvokeMethod+0x102
J 2153  sun.reflect.NativeMethodAccessorImpl.invoke0(Ljava/lang/reflect/Method;Ljava/lang/Object;[Ljava/lang/Object;)Ljava/lang/Object; (0 bytes) @ 0x00007f115962e2ed [0x00007f115962e200+0xed]
J 2152 C1 sun.reflect.NativeMethodAccessorImpl.invoke(Ljava/lang/Object;[Ljava/lang/Object;)Ljava/lang/Object; (104 bytes) @ 0x00007f115962d94c [0x00007f115962d5a0+0x3ac]
J 842 C1 sun.reflect.DelegatingMethodAccessorImpl.invoke(Ljava/lang/Object;[Ljava/lang/Object;)Ljava/lang/Object; (10 bytes) @ 0x00007f11593b2edc [0x00007f11593b2e80+0x5c]
J 841 C1 java.lang.reflect.Method.invoke(Ljava/lang/Object;[Ljava/lang/Object;)Ljava/lang/Object; (62 bytes) @ 0x00007f11593b2a8c [0x00007f11593b2960+0x12c]
J 2018 C1 org.springsource.loaded.ri.ReflectiveInterceptor.jlrMethodInvoke(Ljava/lang/reflect/Method;Ljava/lang/Object;[Ljava/lang/Object;)Ljava/lang/Object; (2214 bytes) @ 0x00007f11595a61b4 [0x00007f11595a4b60+0x1654]
J 3925 C1 org.codehaus.groovy.reflection.CachedMethod.invoke(Ljava/lang/Object;[Ljava/lang/Object;)Ljava/lang/Object; (70 bytes) @ 0x00007f11599d6dbc [0x00007f11599d6d60+0x5c]
J 2053 C1 groovy.lang.MetaMethod.doMethodInvoke(Ljava/lang/Object;[Ljava/lang/Object;)Ljava/lang/Object; (22 bytes) @ 0x00007f11595c5fd4 [0x00007f11595c5f60+0x74]
J 4327 C1 org.codehaus.groovy.runtime.metaclass.MethodMetaProperty$GetBeanMethodMetaProperty.getProperty(Ljava/lang/Object;)Ljava/lang/Object; (12 bytes) @ 0x00007f1159ad3edc [0x00007f1159ad3e80+0x5c]
j  org.codehaus.groovy.runtime.callsite.GetEffectivePogoPropertySite.getProperty(Ljava/lang/Object;)Ljava/lang/Object;+5
J 8718 C1 org.codehaus.groovy.runtime.callsite.GetEffectivePogoPropertySite.callGetProperty(Ljava/lang/Object;)Ljava/lang/Object; (56 bytes) @ 0x00007f115a31e6b4 [0x00007f115a31e440+0x274]
j  grails.plugin.formfields.FormFieldsTagLib.displayAssociation(Ljava/lang/Object;Lorg/grails/datastore/mapping/model/PersistentEntity;)Ljava/lang/CharSequence;+93
v  ~StubRoutines::call_stub
V  [libjvm.so+0x68825b]  JavaCalls::call_helper(JavaValue*, methodHandle*, JavaCallArguments*, Thread*)+0xddb
V  [libjvm.so+0x999f25]  Reflection::invoke(instanceKlassHandle, methodHandle, Handle, bool, objArrayHandle, BasicType, objArrayHandle, bool, Thread*)+0xb65
V  [libjvm.so+0x99b866]  Reflection::invoke_method(oopDesc*, Handle, objArrayHandle, Thread*)+0x126
V  [libjvm.so+0x6fd2b2]  JVM_InvokeMethod+0x102
J 2153  sun.reflect.NativeMethodAccessorImpl.invoke0(Ljava/lang/reflect/Method;Ljava/lang/Object;[Ljava/lang/Object;)Ljava/lang/Object; (0 bytes) @ 0x00007f115962e2ed [0x00007f115962e200+0xed]
J 2152 C1 sun.reflect.NativeMethodAccessorImpl.invoke(Ljava/lang/Object;[Ljava/lang/Object;)Ljava/lang/Object; (104 bytes) @ 0x00007f115962d94c [0x00007f115962d5a0+0x3ac]
J 842 C1 sun.reflect.DelegatingMethodAccessorImpl.invoke(Ljava/lang/Object;[Ljava/lang/Object;)Ljava/lang/Object; (10 bytes) @ 0x00007f11593b2edc [0x00007f11593b2e80+0x5c]
J 841 C1 java.lang.reflect.Method.invoke(Ljava/lang/Object;[Ljava/lang/Object;)Ljava/lang/Object; (62 bytes) @ 0x00007f11593b2a8c [0x00007f11593b2960+0x12c]
J 2018 C1 org.springsource.loaded.ri.ReflectiveInterceptor.jlrMethodInvoke(Ljava/lang/reflect/Method;Ljava/lang/Object;[Ljava/lang/Object;)Ljava/lang/Object; (2214 bytes) @ 0x00007f11595a6334 [0x00007f11595a4b60+0x17d4]
J 7639 C1 org.codehaus.groovy.runtime.callsite.PogoMetaMethodSite$PogoCachedMethodSiteNoUnwrapNoCoerce.invoke(Ljava/lang/Object;[Ljava/lang/Object;)Ljava/lang/Object; (37 bytes) @ 0x00007f11594a8e34 [0x00007f11594a8de0+0x54]
J 7663 C1 org.codehaus.groovy.runtime.callsite.PogoMetaMethodSite.callCurrent(Lgroovy/lang/GroovyObject;[Ljava/lang/Object;)Ljava/lang/Object; (29 bytes) @ 0x00007f1159a9e6bc [0x00007f1159a9e600+0xbc]
J 7662 C1 org.codehaus.groovy.runtime.callsite.AbstractCallSite.callCurrent(Lgroovy/lang/GroovyObject;Ljava/lang/Object;Ljava/lang/Object;)Ljava/lang/Object; (42 bytes) @ 0x00007f1159fa43f4 [0x00007f1159fa41e0+0x214]
j  grails.plugin.formfields.FormFieldsTagLib.renderDefaultDisplay(Ljava/util/Map;Ljava/util/Map;Ljava/lang/String;Ljava/lang/String;)Ljava/lang/CharSequence;+288
v  ~StubRoutines::call_stub
V  [libjvm.so+0x68825b]  JavaCalls::call_helper(JavaValue*, methodHandle*, JavaCallArguments*, Thread*)+0xddb
V  [libjvm.so+0x999f25]  Reflection::invoke(instanceKlassHandle, methodHandle, Handle, bool, objArrayHandle, BasicType, objArrayHandle, bool, Thread*)+0xb65
V  [libjvm.so+0x99b866]  Reflection::invoke_method(oopDesc*, Handle, objArrayHandle, Thread*)+0x126
V  [libjvm.so+0x6fd2b2]  JVM_InvokeMethod+0x102
J 2153  sun.reflect.NativeMethodAccessorImpl.invoke0(Ljava/lang/reflect/Method;Ljava/lang/Object;[Ljava/lang/Object;)Ljava/lang/Object; (0 bytes) @ 0x00007f115962e2ed [0x00007f115962e200+0xed]
J 2152 C1 sun.reflect.NativeMethodAccessorImpl.invoke(Ljava/lang/Object;[Ljava/lang/Object;)Ljava/lang/Object; (104 bytes) @ 0x00007f115962d94c [0x00007f115962d5a0+0x3ac]
J 842 C1 sun.reflect.DelegatingMethodAccessorImpl.invoke(Ljava/lang/Object;[Ljava/lang/Object;)Ljava/lang/Object; (10 bytes) @ 0x00007f11593b2edc [0x00007f11593b2e80+0x5c]
J 841 C1 java.lang.reflect.Method.invoke(Ljava/lang/Object;[Ljava/lang/Object;)Ljava/lang/Object; (62 bytes) @ 0x00007f11593b2a8c [0x00007f11593b2960+0x12c]
J 2018 C1 org.springsource.loaded.ri.ReflectiveInterceptor.jlrMethodInvoke(Ljava/lang/reflect/Method;Ljava/lang/Object;[Ljava/lang/Object;)Ljava/lang/Object; (2214 bytes) @ 0x00007f11595a6334 [0x00007f11595a4b60+0x17d4]
J 7639 C1 org.codehaus.groovy.runtime.callsite.PogoMetaMethodSite$PogoCachedMethodSiteNoUnwrapNoCoerce.invoke(Ljava/lang/Object;[Ljava/lang/Object;)Ljava/lang/Object; (37 bytes) @ 0x00007f11594a8e34 [0x00007f11594a8de0+0x54]
J 7663 C1 org.codehaus.groovy.runtime.callsite.PogoMetaMethodSite.callCurrent(Lgroovy/lang/GroovyObject;[Ljava/lang/Object;)Ljava/lang/Object; (29 bytes) @ 0x00007f1159a9e6bc [0x00007f1159a9e600+0xbc]
J 9439 C1 org.codehaus.groovy.runtime.callsite.AbstractCallSite.callCurrent(Lgroovy/lang/GroovyObject;Ljava/lang/Object;Ljava/lang/Object;Ljava/lang/Object;Ljava/lang/Object;)Ljava/lang/Object; (50 bytes) @ 0x00007f115a4b409c [0x00007f115a4b3da0+0x2fc]
j  grails.plugin.formfields.FormFieldsTagLib.renderDisplayWidget(Lgrails/plugin/formfields/BeanPropertyAccessor;Ljava/util/Map;Ljava/util/Map;Ljava/lang/String;Ljava/lang/String;)Ljava/lang/CharSequence;+394
j  sun.reflect.GeneratedMethodAccessor371.invoke(Ljava/lang/Object;[Ljava/lang/Object;)Ljava/lang/Object;+72
J 842 C1 sun.reflect.DelegatingMethodAccessorImpl.invoke(Ljava/lang/Object;[Ljava/lang/Object;)Ljava/lang/Object; (10 bytes) @ 0x00007f11593b2edc [0x00007f11593b2e80+0x5c]
J 841 C1 java.lang.reflect.Method.invoke(Ljava/lang/Object;[Ljava/lang/Object;)Ljava/lang/Object; (62 bytes) @ 0x00007f11593b2a8c [0x00007f11593b2960+0x12c]
J 2018 C1 org.springsource.loaded.ri.ReflectiveInterceptor.jlrMethodInvoke(Ljava/lang/reflect/Method;Ljava/lang/Object;[Ljava/lang/Object;)Ljava/lang/Object; (2214 bytes) @ 0x00007f11595a6334 [0x00007f11595a4b60+0x17d4]
J 3925 C1 org.codehaus.groovy.reflection.CachedMethod.invoke(Ljava/lang/Object;[Ljava/lang/Object;)Ljava/lang/Object; (70 bytes) @ 0x00007f11599d6dbc [0x00007f11599d6d60+0x5c]
J 2053 C1 groovy.lang.MetaMethod.doMethodInvoke(Ljava/lang/Object;[Ljava/lang/Object;)Ljava/lang/Object; (22 bytes) @ 0x00007f11595c5fd4 [0x00007f11595c5f60+0x74]
J 3912 C1 org.codehaus.groovy.runtime.metaclass.ClosureMetaClass.invokeMethod(Ljava/lang/Class;Ljava/lang/Object;Ljava/lang/String;[Ljava/lang/Object;ZZ)Ljava/lang/Object; (872 bytes) @ 0x00007f11599cedcc [0x00007f11599cdac0+0x130c]
J 2017 C1 groovy.lang.MetaClassImpl.invokeMethod(Ljava/lang/Object;Ljava/lang/String;[Ljava/lang/Object;)Ljava/lang/Object; (14 bytes) @ 0x00007f11595a3a7c [0x00007f11595a3a00+0x7c]
J 7615 C1 org.codehaus.groovy.runtime.callsite.PogoMetaClassSite.callCurrent(Lgroovy/lang/GroovyObject;[Ljava/lang/Object;)Ljava/lang/Object; (92 bytes) @ 0x00007f115a0f71cc [0x00007f115a0f70c0+0x10c]
j  grails.plugin.formfields.FormFieldsTagLib$_closure8.doCall(Ljava/lang/Object;Ljava/lang/Object;)Ljava/lang/Object;+1001
v  ~StubRoutines::call_stub
V  [libjvm.so+0x68825b]  JavaCalls::call_helper(JavaValue*, methodHandle*, JavaCallArguments*, Thread*)+0xddb
V  [libjvm.so+0x999f25]  Reflection::invoke(instanceKlassHandle, methodHandle, Handle, bool, objArrayHandle, BasicType, objArrayHandle, bool, Thread*)+0xb65
V  [libjvm.so+0x99b866]  Reflection::invoke_method(oopDesc*, Handle, objArrayHandle, Thread*)+0x126
V  [libjvm.so+0x6fd2b2]  JVM_InvokeMethod+0x102
J 2153  sun.reflect.NativeMethodAccessorImpl.invoke0(Ljava/lang/reflect/Method;Ljava/lang/Object;[Ljava/lang/Object;)Ljava/lang/Object; (0 bytes) @ 0x00007f115962e2ed [0x00007f115962e200+0xed]
J 2152 C1 sun.reflect.NativeMethodAccessorImpl.invoke(Ljava/lang/Object;[Ljava/lang/Object;)Ljava/lang/Object; (104 bytes) @ 0x00007f115962d94c [0x00007f115962d5a0+0x3ac]
J 842 C1 sun.reflect.DelegatingMethodAccessorImpl.invoke(Ljava/lang/Object;[Ljava/lang/Object;)Ljava/lang/Object; (10 bytes) @ 0x00007f11593b2edc [0x00007f11593b2e80+0x5c]
J 841 C1 java.lang.reflect.Method.invoke(Ljava/lang/Object;[Ljava/lang/Object;)Ljava/lang/Object; (62 bytes) @ 0x00007f11593b2a8c [0x00007f11593b2960+0x12c]
J 2018 C1 org.springsource.loaded.ri.ReflectiveInterceptor.jlrMethodInvoke(Ljava/lang/reflect/Method;Ljava/lang/Object;[Ljava/lang/Object;)Ljava/lang/Object; (2214 bytes) @ 0x00007f11595a6334 [0x00007f11595a4b60+0x17d4]
J 3925 C1 org.codehaus.groovy.reflection.CachedMethod.invoke(Ljava/lang/Object;[Ljava/lang/Object;)Ljava/lang/Object; (70 bytes) @ 0x00007f11599d6dbc [0x00007f11599d6d60+0x5c]
J 2053 C1 groovy.lang.MetaMethod.doMethodInvoke(Ljava/lang/Object;[Ljava/lang/Object;)Ljava/lang/Object; (22 bytes) @ 0x00007f11595c5fd4 [0x00007f11595c5f60+0x74]
J 3912 C1 org.codehaus.groovy.runtime.metaclass.ClosureMetaClass.invokeMethod(Ljava/lang/Class;Ljava/lang/Object;Ljava/lang/String;[Ljava/lang/Object;ZZ)Ljava/lang/Object; (872 bytes) @ 0x00007f11599cee0c [0x00007f11599cdac0+0x134c]
J 2017 C1 groovy.lang.MetaClassImpl.invokeMethod(Ljava/lang/Object;Ljava/lang/String;[Ljava/lang/Object;)Ljava/lang/Object; (14 bytes) @ 0x00007f11595a3a7c [0x00007f11595a3a00+0x7c]
J 4733 C1 groovy.lang.Closure.call([Ljava/lang/Object;)Ljava/lang/Object; (30 bytes) @ 0x00007f1159455e1c [0x00007f1159455da0+0x7c]
j  org.grails.gsp.GroovyPage.invokeTagLibClosure(Ljava/lang/String;Ljava/lang/String;Lgroovy/lang/Closure;Ljava/util/Map;Lgroovy/lang/Closure;ZLjava/util/Map;)V+193
j  org.grails.gsp.GroovyPage.invokeTag(Ljava/lang/String;Ljava/lang/String;ILjava/util/Map;I)V+258
j  org.grails.gsp.GroovyPage$invokeTag$4.callCurrent(Lgroovy/lang/GroovyObject;[Ljava/lang/Object;)Ljava/lang/Object;+43
j  gsp_fields_templates__fields_table_gsp.run()Ljava/lang/Object;+799
j  org.grails.gsp.GroovyPageWritable.doWriteTo(Lorg/grails/taglib/encoder/OutputContext;Ljava/io/Writer;)Ljava/io/Writer;+373
j  org.grails.gsp.GroovyPageWritable.writeTo(Ljava/io/Writer;)Ljava/io/Writer;+13
j  org.grails.web.gsp.GroovyPagesTemplateRenderer.makeTemplate(Lorg/grails/web/servlet/mvc/GrailsWebRequest;Lgroovy/text/Template;Ljava/util/Map;Ljava/lang/Object;Ljava/io/Writer;)V+326
j  org.grails.web.gsp.GroovyPagesTemplateRenderer.render(Lorg/grails/web/servlet/mvc/GrailsWebRequest;Lorg/grails/taglib/TemplateVariableBinding;Ljava/util/Map;Ljava/lang/Object;Ljava/io/Writer;)V+162
j  org.grails.plugins.web.taglib.RenderTagLib$_closure7.doCall(Ljava/util/Map;Ljava/lang/Object;)Ljava/lang/Object;+74
v  ~StubRoutines::call_stub
V  [libjvm.so+0x68825b]  JavaCalls::call_helper(JavaValue*, methodHandle*, JavaCallArguments*, Thread*)+0xddb
V  [libjvm.so+0x999f25]  Reflection::invoke(instanceKlassHandle, methodHandle, Handle, bool, objArrayHandle, BasicType, objArrayHandle, bool, Thread*)+0xb65
V  [libjvm.so+0x99b866]  Reflection::invoke_method(oopDesc*, Handle, objArrayHandle, Thread*)+0x126
V  [libjvm.so+0x6fd2b2]  JVM_InvokeMethod+0x102
J 2153  sun.reflect.NativeMethodAccessorImpl.invoke0(Ljava/lang/reflect/Method;Ljava/lang/Object;[Ljava/lang/Object;)Ljava/lang/Object; (0 bytes) @ 0x00007f115962e2ed [0x00007f115962e200+0xed]
J 2152 C1 sun.reflect.NativeMethodAccessorImpl.invoke(Ljava/lang/Object;[Ljava/lang/Object;)Ljava/lang/Object; (104 bytes) @ 0x00007f115962d94c [0x00007f115962d5a0+0x3ac]
J 842 C1 sun.reflect.DelegatingMethodAccessorImpl.invoke(Ljava/lang/Object;[Ljava/lang/Object;)Ljava/lang/Object; (10 bytes) @ 0x00007f11593b2edc [0x00007f11593b2e80+0x5c]
J 841 C1 java.lang.reflect.Method.invoke(Ljava/lang/Object;[Ljava/lang/Object;)Ljava/lang/Object; (62 bytes) @ 0x00007f11593b2a8c [0x00007f11593b2960+0x12c]
J 2018 C1 org.springsource.loaded.ri.ReflectiveInterceptor.jlrMethodInvoke(Ljava/lang/reflect/Method;Ljava/lang/Object;[Ljava/lang/Object;)Ljava/lang/Object; (2214 bytes) @ 0x00007f11595a6334 [0x00007f11595a4b60+0x17d4]
J 3925 C1 org.codehaus.groovy.reflection.CachedMethod.invoke(Ljava/lang/Object;[Ljava/lang/Object;)Ljava/lang/Object; (70 bytes) @ 0x00007f11599d6dbc [0x00007f11599d6d60+0x5c]
J 2053 C1 groovy.lang.MetaMethod.doMethodInvoke(Ljava/lang/Object;[Ljava/lang/Object;)Ljava/lang/Object; (22 bytes) @ 0x00007f11595c5fd4 [0x00007f11595c5f60+0x74]
J 3912 C1 org.codehaus.groovy.runtime.metaclass.ClosureMetaClass.invokeMethod(Ljava/lang/Class;Ljava/lang/Object;Ljava/lang/String;[Ljava/lang/Object;ZZ)Ljava/lang/Object; (872 bytes) @ 0x00007f11599cee0c [0x00007f11599cdac0+0x134c]
J 2017 C1 groovy.lang.MetaClassImpl.invokeMethod(Ljava/lang/Object;Ljava/lang/String;[Ljava/lang/Object;)Ljava/lang/Object; (14 bytes) @ 0x00007f11595a3a7c [0x00007f11595a3a00+0x7c]
J 4733 C1 groovy.lang.Closure.call([Ljava/lang/Object;)Ljava/lang/Object; (30 bytes) @ 0x00007f1159455e1c [0x00007f1159455da0+0x7c]
J 9416 C1 org.grails.taglib.TagOutput.captureTagOutput(Lorg/grails/taglib/TagLibraryLookup;Ljava/lang/String;Ljava/lang/String;Ljava/util/Map;Ljava/lang/Object;Lorg/grails/taglib/encoder/OutputContext;)Ljava/lang/Object; (558 bytes) @ 0x00007f115a49fd4c [0x00007f115a49eea0+0xeac]
j  org.grails.taglib.TagLibraryMetaUtils$_registerMethodMissingForTags_closure3.doCall(Ljava/util/Map;)Ljava/lang/Object;+46
...<more frames>...


---------------  P R O C E S S  ---------------

Java Threads: ( => current thread )
  0x00007f1168022000 JavaThread "DestroyJavaVM" [_thread_blocked, id=116, stack(0x00007f1171b4a000,0x00007f1171c4b000)]
  0x00007f1169a6f800 JavaThread "Thread-6" daemon [_thread_blocked, id=162, stack(0x00007f1116df0000,0x00007f1116ef1000)]
  0x00007f1169a6f000 JavaThread "Thread-8" [_thread_blocked, id=161, stack(0x00007f1116ef1000,0x00007f1116ff2000)]
  0x00007f1169a62000 JavaThread "Thread-7" daemon [_thread_in_native, id=160, stack(0x00007f1116ff2000,0x00007f11170f3000)]
  0x00007f1169a4e000 JavaThread "http-nio-8080-AsyncTimeout" daemon [_thread_blocked, id=159, stack(0x00007f11172f3000,0x00007f11173f4000)]
  0x00007f1169a4d000 JavaThread "http-nio-8080-Acceptor-0" daemon [_thread_in_native, id=158, stack(0x00007f11173f4000,0x00007f11174f5000)]
  0x00007f1169a4a000 JavaThread "http-nio-8080-ClientPoller-1" daemon [_thread_in_native, id=157, stack(0x00007f11174f5000,0x00007f11175f6000)]
  0x00007f1169a2f000 JavaThread "http-nio-8080-ClientPoller-0" daemon [_thread_in_native, id=156, stack(0x00007f11175f6000,0x00007f11176f7000)]
  0x00007f1169a14000 JavaThread "http-nio-8080-exec-10" daemon [_thread_blocked, id=155, stack(0x00007f11176f7000,0x00007f11177f8000)]
  0x00007f1169a12000 JavaThread "http-nio-8080-exec-9" daemon [_thread_blocked, id=154, stack(0x00007f11177f8000,0x00007f11178f9000)]
  0x00007f1169a10000 JavaThread "http-nio-8080-exec-8" daemon [_thread_blocked, id=153, stack(0x00007f11178f9000,0x00007f11179fa000)]
  0x00007f1169a0d800 JavaThread "http-nio-8080-exec-7" daemon [_thread_blocked, id=152, stack(0x00007f11179fa000,0x00007f1117afb000)]
  0x00007f1169a0b800 JavaThread "http-nio-8080-exec-6" daemon [_thread_blocked, id=151, stack(0x00007f1117afb000,0x00007f1117bfc000)]
=>0x00007f1169a09800 JavaThread "http-nio-8080-exec-5" daemon [_thread_in_Java, id=150, stack(0x00007f1117bfc000,0x00007f1117cfd000)]
  0x00007f1169a07800 JavaThread "http-nio-8080-exec-4" daemon [_thread_blocked, id=149, stack(0x00007f1117cfd000,0x00007f1117dfe000)]
  0x00007f1169a05800 JavaThread "http-nio-8080-exec-3" daemon [_thread_blocked, id=148, stack(0x00007f1117dfe000,0x00007f1117eff000)]
  0x00007f1169a04000 JavaThread "http-nio-8080-exec-2" daemon [_thread_blocked, id=147, stack(0x00007f1117eff000,0x00007f1118000000)]
  0x00007f1169a02800 JavaThread "http-nio-8080-exec-1" daemon [_thread_blocked, id=146, stack(0x00007f111c0fa000,0x00007f111c1fb000)]
  0x00007f11699ff000 JavaThread "NioBlockingSelector.BlockPoller-1" daemon [_thread_in_native, id=145, stack(0x00007f111c1fb000,0x00007f111c2fc000)]
  0x00007f1169836000 JavaThread "container-0" [_thread_blocked, id=144, stack(0x00007f111c6fc000,0x00007f111c7fd000)]
  0x00007f1169831000 JavaThread "ContainerBackgroundProcessor[StandardEngine[Tomcat]]" daemon [_thread_blocked, id=143, stack(0x00007f111c9fd000,0x00007f111cafe000)]
  0x00007f11685e6000 JavaThread "Tomcat JDBC Pool Cleaner[414493378:1552496932499]" daemon [_thread_blocked, id=138, stack(0x00007f1152050000,0x00007f1152151000)]
  0x00007f1168818800 JavaThread "FileSystemWatcher: files=#28 cl=sun.misc.Launcher$AppClassLoader@18b4aac2" daemon [_thread_blocked, id=135, stack(0x00007f1152d73000,0x00007f1152e74000)]
  0x00007f11687d7000 JavaThread "Service Thread" daemon [_thread_blocked, id=133, stack(0x00007f1152f88000,0x00007f1153089000)]
  0x00007f11687d1000 JavaThread "C1 CompilerThread2" daemon [_thread_blocked, id=132, stack(0x00007f1153089000,0x00007f115318a000)]
  0x00007f11687cf000 JavaThread "C2 CompilerThread1" daemon [_thread_blocked, id=131, stack(0x00007f115318a000,0x00007f115328b000)]
  0x00007f11687cd800 JavaThread "C2 CompilerThread0" daemon [_thread_blocked, id=130, stack(0x00007f115328b000,0x00007f115338c000)]
  0x00007f113c001000 JavaThread "JDWP Command Reader" daemon [_thread_in_native, id=129, stack(0x00007f115338c000,0x00007f115348d000)]
  0x00007f11687ca800 JavaThread "JDWP Event Helper Thread" daemon [_thread_blocked, id=128, stack(0x00007f115348d000,0x00007f115358e000)]
  0x00007f11687c5800 JavaThread "JDWP Transport Listener: dt_socket" daemon [_thread_blocked, id=127, stack(0x00007f115358e000,0x00007f115368f000)]
  0x00007f1168151000 JavaThread "Signal Dispatcher" daemon [_thread_blocked, id=126, stack(0x00007f1153bfc000,0x00007f1153cfd000)]
  0x00007f116811f800 JavaThread "Finalizer" daemon [_thread_blocked, id=125, stack(0x00007f1153cfd000,0x00007f1153dfe000)]
  0x00007f116811d000 JavaThread "Reference Handler" daemon [_thread_blocked, id=124, stack(0x00007f1153dfe000,0x00007f1153eff000)]

Other Threads:
  0x00007f1168113000 VMThread [stack: 0x00007f1153eff000,0x00007f1154000000] [id=123]
  0x00007f11687d9800 WatcherThread [stack: 0x00007f1152e87000,0x00007f1152f88000] [id=134]

VM state:not at safepoint (normal execution)

VM Mutex/Monitor currently owned by a thread: None

heap address: 0x00000000d0000000, size: 768 MB, Compressed Oops mode: 32-bit
Narrow klass base: 0x0000000000000000, Narrow klass shift: 3
Compressed class space size: 1073741824 Address: 0x0000000100000000

Heap:
 PSYoungGen      total 221696K, used 61273K [0x00000000f0000000, 0x0000000100000000, 0x0000000100000000)
  eden space 181248K, 11% used [0x00000000f0000000,0x00000000f145b308,0x00000000fb100000)
  from space 40448K, 99% used [0x00000000fb100000,0x00000000fd87b128,0x00000000fd880000)
  to   space 40448K, 0% used [0x00000000fd880000,0x00000000fd880000,0x0000000100000000)
 ParOldGen       total 524288K, used 87287K [0x00000000d0000000, 0x00000000f0000000, 0x00000000f0000000)
  object space 524288K, 16% used [0x00000000d0000000,0x00000000d553dd18,0x00000000f0000000)
 Metaspace       used 71106K, capacity 74584K, committed 74792K, reserved 1114112K
  class space    used 9383K, capacity 10471K, committed 10544K, reserved 1048576K

Card table byte_map: [0x00007f116e10c000,0x00007f116e28d000] byte_map_base: 0x00007f116da8c000

Marking Bits: (ParMarkBitMap*) 0x00007f117100dd80
 Begin Bits: [0x00007f116c60a000, 0x00007f116d20a000)
 End Bits:   [0x00007f116d20a000, 0x00007f116de0a000)

Polling page: 0x00007f1171c52000

CodeCache: size=245760Kb used=21318Kb max_used=21318Kb free=224441Kb
 bounds [0x00007f1159000000, 0x00007f115a4e0000, 0x00007f1168000000]
 total_blobs=10051 nmethods=9259 adapters=712
 compilation: enabled

Compilation events (10 events):
Event: 358.272 Thread 0x00007f11687d1000 9548       1       org.codehaus.groovy.runtime.callsite.AbstractCallSite::callSafe (13 bytes)
Event: 358.272 Thread 0x00007f11687d1000 nmethod 9548 0x00007f115a4d5fd0 code [0x00007f115a4d6140, 0x00007f115a4d62a8]
Event: 358.275 Thread 0x00007f11687d1000 9550   !   1       java_util_List$size$1::call (34 bytes)
Event: 358.276 Thread 0x00007f11687d1000 nmethod 9550 0x00007f115a4d6350 code [0x00007f115a4d6500, 0x00007f115a4d6798]
Event: 358.278 Thread 0x00007f11687d1000 9551   !   1       sun.reflect.GeneratedMethodAccessor234::invoke (45 bytes)
Event: 358.278 Thread 0x00007f11687d1000 nmethod 9551 0x00007f115a4d6a10 code [0x00007f115a4d6c00, 0x00007f115a4d7078]
Event: 358.279 Thread 0x00007f11687d1000 9549       1       org.springframework.validation.AbstractErrors::getNestedPath (5 bytes)
Event: 358.279 Thread 0x00007f11687d1000 nmethod 9549 0x00007f115a4d7450 code [0x00007f115a4d75a0, 0x00007f115a4d76b0]
Event: 358.280 Thread 0x00007f11687d1000 9552       1       org.codehaus.groovy.runtime.callsite.PogoMetaClassGetPropertySite::acceptGroovyObjectGetProperty (31 bytes)
Event: 358.280 Thread 0x00007f11687d1000 nmethod 9552 0x00007f115a4d7710 code [0x00007f115a4d7880, 0x00007f115a4d7ab8]

GC Heap History (10 events):
Event: 159.159 GC heap before
{Heap before GC invocations=24 (full 3):
 PSYoungGen      total 235520K, used 221528K [0x00000000f0000000, 0x0000000100000000, 0x0000000100000000)
  eden space 207872K, 100% used [0x00000000f0000000,0x00000000fcb00000,0x00000000fcb00000)
  from space 27648K, 49% used [0x00000000fe500000,0x00000000ff256260,0x0000000100000000)
  to   space 26624K, 0% used [0x00000000fcb00000,0x00000000fcb00000,0x00000000fe500000)
 ParOldGen       total 524288K, used 82248K [0x00000000d0000000, 0x00000000f0000000, 0x00000000f0000000)
  object space 524288K, 15% used [0x00000000d0000000,0x00000000d50521e0,0x00000000f0000000)
 Metaspace       used 65856K, capacity 67452K, committed 67624K, reserved 1107968K
  class space    used 8393K, capacity 8952K, committed 9008K, reserved 1048576K
Event: 159.190 GC heap after
Heap after GC invocations=24 (full 3):
 PSYoungGen      total 230400K, used 22443K [0x00000000f0000000, 0x0000000100000000, 0x0000000100000000)
  eden space 207872K, 0% used [0x00000000f0000000,0x00000000f0000000,0x00000000fcb00000)
  from space 22528K, 99% used [0x00000000fcb00000,0x00000000fe0eaec0,0x00000000fe100000)
  to   space 28672K, 0% used [0x00000000fe400000,0x00000000fe400000,0x0000000100000000)
 ParOldGen       total 524288K, used 82256K [0x00000000d0000000, 0x00000000f0000000, 0x00000000f0000000)
  object space 524288K, 15% used [0x00000000d0000000,0x00000000d50541e0,0x00000000f0000000)
 Metaspace       used 65856K, capacity 67452K, committed 67624K, reserved 1107968K
  class space    used 8393K, capacity 8952K, committed 9008K, reserved 1048576K
}
Event: 164.704 GC heap before
{Heap before GC invocations=25 (full 3):
 PSYoungGen      total 230400K, used 230315K [0x00000000f0000000, 0x0000000100000000, 0x0000000100000000)
  eden space 207872K, 100% used [0x00000000f0000000,0x00000000fcb00000,0x00000000fcb00000)
  from space 22528K, 99% used [0x00000000fcb00000,0x00000000fe0eaec0,0x00000000fe100000)
  to   space 28672K, 0% used [0x00000000fe400000,0x00000000fe400000,0x0000000100000000)
 ParOldGen       total 524288K, used 82256K [0x00000000d0000000, 0x00000000f0000000, 0x00000000f0000000)
  object space 524288K, 15% used [0x00000000d0000000,0x00000000d50541e0,0x00000000f0000000)
 Metaspace       used 67499K, capacity 69390K, committed 69544K, reserved 1110016K
  class space    used 8714K, capacity 9346K, committed 9392K, reserved 1048576K
Event: 164.787 GC heap after
Heap after GC invocations=25 (full 3):
 PSYoungGen      total 227328K, used 25850K [0x00000000f0000000, 0x0000000100000000, 0x0000000100000000)
  eden space 198656K, 0% used [0x00000000f0000000,0x00000000f0000000,0x00000000fc200000)
  from space 28672K, 90% used [0x00000000fe400000,0x00000000ffd3e910,0x0000000100000000)
  to   space 31744K, 0% used [0x00000000fc200000,0x00000000fc200000,0x00000000fe100000)
 ParOldGen       total 524288K, used 82256K [0x00000000d0000000, 0x00000000f0000000, 0x00000000f0000000)
  object space 524288K, 15% used [0x00000000d0000000,0x00000000d50541e0,0x00000000f0000000)
 Metaspace       used 67499K, capacity 69390K, committed 69544K, reserved 1110016K
  class space    used 8714K, capacity 9346K, committed 9392K, reserved 1048576K
}
Event: 192.355 GC heap before
{Heap before GC invocations=26 (full 3):
 PSYoungGen      total 227328K, used 224506K [0x00000000f0000000, 0x0000000100000000, 0x0000000100000000)
  eden space 198656K, 100% used [0x00000000f0000000,0x00000000fc200000,0x00000000fc200000)
  from space 28672K, 90% used [0x00000000fe400000,0x00000000ffd3e910,0x0000000100000000)
  to   space 31744K, 0% used [0x00000000fc200000,0x00000000fc200000,0x00000000fe100000)
 ParOldGen       total 524288K, used 82256K [0x00000000d0000000, 0x00000000f0000000, 0x00000000f0000000)
  object space 524288K, 15% used [0x00000000d0000000,0x00000000d50541e0,0x00000000f0000000)
 Metaspace       used 68815K, capacity 71216K, committed 71336K, reserved 1110016K
  class space    used 8958K, capacity 9831K, committed 9904K, reserved 1048576K
Event: 192.397 GC heap after
Heap after GC invocations=26 (full 3):
 PSYoungGen      total 228864K, used 30008K [0x00000000f0000000, 0x0000000100000000, 0x0000000100000000)
  eden space 198656K, 0% used [0x00000000f0000000,0x00000000f0000000,0x00000000fc200000)
  from space 30208K, 99% used [0x00000000fc200000,0x00000000fdf4e2a0,0x00000000fdf80000)
  to   space 33280K, 0% used [0x00000000fdf80000,0x00000000fdf80000,0x0000000100000000)
 ParOldGen       total 524288K, used 82264K [0x00000000d0000000, 0x00000000f0000000, 0x00000000f0000000)
  object space 524288K, 15% used [0x00000000d0000000,0x00000000d50561e0,0x00000000f0000000)
 Metaspace       used 68815K, capacity 71216K, committed 71336K, reserved 1110016K
  class space    used 8958K, capacity 9831K, committed 9904K, reserved 1048576K
}
Event: 249.226 GC heap before
{Heap before GC invocations=27 (full 3):
 PSYoungGen      total 228864K, used 228659K [0x00000000f0000000, 0x0000000100000000, 0x0000000100000000)
  eden space 198656K, 99% used [0x00000000f0000000,0x00000000fc1fed18,0x00000000fc200000)
  from space 30208K, 99% used [0x00000000fc200000,0x00000000fdf4e2a0,0x00000000fdf80000)
  to   space 33280K, 0% used [0x00000000fdf80000,0x00000000fdf80000,0x0000000100000000)
 ParOldGen       total 524288K, used 82264K [0x00000000d0000000, 0x00000000f0000000, 0x00000000f0000000)
  object space 524288K, 15% used [0x00000000d0000000,0x00000000d50561e0,0x00000000f0000000)
 Metaspace       used 70053K, capacity 72862K, committed 73128K, reserved 1112064K
  class space    used 9168K, capacity 10133K, committed 10160K, reserved 1048576K
Event: 249.274 GC heap after
Heap after GC invocations=27 (full 3):
 PSYoungGen      total 214528K, used 33273K [0x00000000f0000000, 0x0000000100000000, 0x0000000100000000)
  eden space 181248K, 0% used [0x00000000f0000000,0x00000000f0000000,0x00000000fb100000)
  from space 33280K, 99% used [0x00000000fdf80000,0x00000000ffffe500,0x0000000100000000)
  to   space 40448K, 0% used [0x00000000fb100000,0x00000000fb100000,0x00000000fd880000)
 ParOldGen       total 524288K, used 83821K [0x00000000d0000000, 0x00000000f0000000, 0x00000000f0000000)
  object space 524288K, 15% used [0x00000000d0000000,0x00000000d51db4b8,0x00000000f0000000)
 Metaspace       used 70053K, capacity 72862K, committed 73128K, reserved 1112064K
  class space    used 9168K, capacity 10133K, committed 10160K, reserved 1048576K
}
Event: 308.363 GC heap before
{Heap before GC invocations=28 (full 3):
 PSYoungGen      total 214528K, used 214521K [0x00000000f0000000, 0x0000000100000000, 0x0000000100000000)
  eden space 181248K, 100% used [0x00000000f0000000,0x00000000fb100000,0x00000000fb100000)
  from space 33280K, 99% used [0x00000000fdf80000,0x00000000ffffe500,0x0000000100000000)
  to   space 40448K, 0% used [0x00000000fb100000,0x00000000fb100000,0x00000000fd880000)
 ParOldGen       total 524288K, used 83821K [0x00000000d0000000, 0x00000000f0000000, 0x00000000f0000000)
  object space 524288K, 15% used [0x00000000d0000000,0x00000000d51db4b8,0x00000000f0000000)
 Metaspace       used 71087K, capacity 74536K, committed 74792K, reserved 1114112K
  class space    used 9379K, capacity 10463K, committed 10544K, reserved 1048576K
Event: 308.424 GC heap after
Heap after GC invocations=28 (full 3):
 PSYoungGen      total 221696K, used 40428K [0x00000000f0000000, 0x0000000100000000, 0x0000000100000000)
  eden space 181248K, 0% used [0x00000000f0000000,0x00000000f0000000,0x00000000fb100000)
  from space 40448K, 99% used [0x00000000fb100000,0x00000000fd87b128,0x00000000fd880000)
  to   space 40448K, 0% used [0x00000000fd880000,0x00000000fd880000,0x0000000100000000)
 ParOldGen       total 524288K, used 87287K [0x00000000d0000000, 0x00000000f0000000, 0x00000000f0000000)
  object space 524288K, 16% used [0x00000000d0000000,0x00000000d553dd18,0x00000000f0000000)
 Metaspace       used 71087K, capacity 74536K, committed 74792K, reserved 1114112K
  class space    used 9379K, capacity 10463K, committed 10544K, reserved 1048576K
}

Deoptimization events (0 events):
No events

Classes redefined (0 events):
No events

Internal exceptions (10 events):
Event: 308.262 Thread 0x00007f1169a0b800 Exception <a 'java/lang/ClassCastException'> (0x00000000fad72818) thrown at [/HUDSON/workspace/8-2-build-linux-amd64/jdk8u201/12317/hotspot/src/share/vm/runtime/sharedRuntime.cpp, line 605]
Event: 308.264 Thread 0x00007f1169a0b800 Exception <a 'java/lang/ClassCastException'> (0x00000000fad84148) thrown at [/HUDSON/workspace/8-2-build-linux-amd64/jdk8u201/12317/hotspot/src/share/vm/runtime/sharedRuntime.cpp, line 605]
Event: 308.266 Thread 0x00007f1169a0b800 Exception <a 'java/lang/ClassCastException'> (0x00000000fad9aef8) thrown at [/HUDSON/workspace/8-2-build-linux-amd64/jdk8u201/12317/hotspot/src/share/vm/runtime/sharedRuntime.cpp, line 605]
Event: 308.270 Thread 0x00007f1169a0b800 Exception <a 'java/lang/ClassCastException'> (0x00000000fadaf510) thrown at [/HUDSON/workspace/8-2-build-linux-amd64/jdk8u201/12317/hotspot/src/share/vm/runtime/sharedRuntime.cpp, line 605]
Event: 358.251 Thread 0x00007f1169a09800 Exception <a 'java/lang/ClassCastException'> (0x00000000f1412d68) thrown at [/HUDSON/workspace/8-2-build-linux-amd64/jdk8u201/12317/hotspot/src/share/vm/runtime/sharedRuntime.cpp, line 605]
Event: 358.252 Thread 0x00007f1169a09800 Exception <a 'java/lang/ClassCastException'> (0x00000000f1413e78) thrown at [/HUDSON/workspace/8-2-build-linux-amd64/jdk8u201/12317/hotspot/src/share/vm/runtime/sharedRuntime.cpp, line 605]
Event: 358.252 Thread 0x00007f1169a09800 Exception <a 'java/lang/ClassCastException'> (0x00000000f1415178) thrown at [/HUDSON/workspace/8-2-build-linux-amd64/jdk8u201/12317/hotspot/src/share/vm/runtime/sharedRuntime.cpp, line 605]
Event: 358.253 Thread 0x00007f1169a09800 Exception <a 'java/lang/ClassCastException'> (0x00000000f1418db8) thrown at [/HUDSON/workspace/8-2-build-linux-amd64/jdk8u201/12317/hotspot/src/share/vm/runtime/sharedRuntime.cpp, line 605]
Event: 358.253 Thread 0x00007f1169a09800 Exception <a 'java/lang/ClassCastException'> (0x00000000f141a028) thrown at [/HUDSON/workspace/8-2-build-linux-amd64/jdk8u201/12317/hotspot/src/share/vm/runtime/sharedRuntime.cpp, line 605]
Event: 358.254 Thread 0x00007f1169a09800 Exception <a 'java/lang/ClassCastException'> (0x00000000f141b2b0) thrown at [/HUDSON/workspace/8-2-build-linux-amd64/jdk8u201/12317/hotspot/src/share/vm/runtime/sharedRuntime.cpp, line 605]

Events (10 events):
Event: 358.252 Thread 0x00007f1169a09800 DEOPT PACKING pc=0x00007f1159acd8d0 sp=0x00007f1117cecdf0
Event: 358.252 Thread 0x00007f1169a09800 DEOPT UNPACKING pc=0x00007f1159047784 sp=0x00007f1117cecb68 mode 1
Event: 358.252 Thread 0x00007f1169a09800 DEOPT PACKING pc=0x00007f1159acd8d0 sp=0x00007f1117cec6c0
Event: 358.252 Thread 0x00007f1169a09800 DEOPT UNPACKING pc=0x00007f1159047784 sp=0x00007f1117cec438 mode 1
Event: 358.253 Thread 0x00007f1169a09800 DEOPT PACKING pc=0x00007f1159acd8d0 sp=0x00007f1117cecd90
Event: 358.253 Thread 0x00007f1169a09800 DEOPT UNPACKING pc=0x00007f1159047784 sp=0x00007f1117cecb08 mode 1
Event: 358.253 Thread 0x00007f1169a09800 DEOPT PACKING pc=0x00007f1159acd8d0 sp=0x00007f1117cecd90
Event: 358.253 Thread 0x00007f1169a09800 DEOPT UNPACKING pc=0x00007f1159047784 sp=0x00007f1117cecb08 mode 1
Event: 358.254 Thread 0x00007f1169a09800 DEOPT PACKING pc=0x00007f1159acd8d0 sp=0x00007f1117cecdc0
Event: 358.254 Thread 0x00007f1169a09800 DEOPT UNPACKING pc=0x00007f1159047784 sp=0x00007f1117cecb38 mode 1


Dynamic libraries:
00400000-00401000 r-xp 00000000 08:01 1972328                            /root/.sdkman/candidates/java/8.0.201-oracle/bin/java
00600000-00601000 r--p 00000000 08:01 1972328                            /root/.sdkman/candidates/java/8.0.201-oracle/bin/java
00601000-00602000 rw-p 00001000 08:01 1972328                            /root/.sdkman/candidates/java/8.0.201-oracle/bin/java
0233a000-0262c000 rw-p 00000000 00:00 0                                  [heap]
d0000000-100a4c000 rw-p 00000000 00:00 0 
100a4c000-140000000 ---p 00000000 00:00 0 
7f11165f0000-7f11166b0000 rw-p 00000000 00:00 0 
7f11166b0000-7f11167f0000 ---p 00000000 00:00 0 
7f11167f0000-7f11169f0000 rw-p 00000000 00:00 0 
7f11169f0000-7f1116bf0000 rw-p 00000000 00:00 0 
7f1116bf0000-7f1116df0000 rw-p 00000000 00:00 0 
7f1116df0000-7f1116df3000 ---p 00000000 00:00 0 
7f1116df3000-7f1116ef1000 rw-p 00000000 00:00 0 
7f1116ef1000-7f1116ef4000 ---p 00000000 00:00 0 
7f1116ef4000-7f1116ff2000 rw-p 00000000 00:00 0 
7f1116ff2000-7f1116ff5000 ---p 00000000 00:00 0 
7f1116ff5000-7f11172f3000 rw-p 00000000 00:00 0 
7f11172f3000-7f11172f6000 ---p 00000000 00:00 0 
7f11172f6000-7f11173f4000 rw-p 00000000 00:00 0 
7f11173f4000-7f11173f7000 ---p 00000000 00:00 0 
7f11173f7000-7f11174f5000 rw-p 00000000 00:00 0 
7f11174f5000-7f11174f8000 ---p 00000000 00:00 0 
7f11174f8000-7f11175f6000 rw-p 00000000 00:00 0 
7f11175f6000-7f11175f9000 ---p 00000000 00:00 0 
7f11175f9000-7f11176f7000 rw-p 00000000 00:00 0 
7f11176f7000-7f11176fa000 ---p 00000000 00:00 0 
7f11176fa000-7f11177f8000 rw-p 00000000 00:00 0 
7f11177f8000-7f11177fb000 ---p 00000000 00:00 0 
7f11177fb000-7f11178f9000 rw-p 00000000 00:00 0 
7f11178f9000-7f11178fc000 ---p 00000000 00:00 0 
7f11178fc000-7f11179fa000 rw-p 00000000 00:00 0 
7f11179fa000-7f11179fd000 ---p 00000000 00:00 0 
7f11179fd000-7f1117afb000 rw-p 00000000 00:00 0 
7f1117afb000-7f1117afe000 ---p 00000000 00:00 0 
7f1117afe000-7f1117bfc000 rw-p 00000000 00:00 0 
7f1117bfc000-7f1117bff000 ---p 00000000 00:00 0 
7f1117bff000-7f1117cfd000 rw-p 00000000 00:00 0 
7f1117cfd000-7f1117d00000 ---p 00000000 00:00 0 
7f1117d00000-7f1117dfe000 rw-p 00000000 00:00 0 
7f1117dfe000-7f1117e01000 ---p 00000000 00:00 0 
7f1117e01000-7f1117eff000 rw-p 00000000 00:00 0 
7f1117eff000-7f1117f02000 ---p 00000000 00:00 0 
7f1117f02000-7f1118000000 rw-p 00000000 00:00 0 
7f1118000000-7f1118439000 rw-p 00000000 00:00 0 
7f1118439000-7f111c000000 ---p 00000000 00:00 0 
7f111c0fa000-7f111c0fd000 ---p 00000000 00:00 0 
7f111c0fd000-7f111c1fb000 rw-p 00000000 00:00 0 
7f111c1fb000-7f111c1fe000 ---p 00000000 00:00 0 
7f111c1fe000-7f111c4fc000 rw-p 00000000 00:00 0 
7f111c4fc000-7f111c6fc000 rw-p 00000000 00:00 0 
7f111c6fc000-7f111c6ff000 ---p 00000000 00:00 0 
7f111c6ff000-7f111c9fd000 rw-p 00000000 00:00 0 
7f111c9fd000-7f111ca00000 ---p 00000000 00:00 0 
7f111ca00000-7f111cafe000 rw-p 00000000 00:00 0 
7f111cafe000-7f111cb01000 ---p 00000000 00:00 0 
7f111cb01000-7f111cdff000 rw-p 00000000 00:00 0 
7f111cdff000-7f111cfff000 rw-p 00000000 00:00 0 
7f111cfff000-7f1120000000 rw-p 00000000 00:00 0 
7f1120000000-7f1120ce4000 rw-p 00000000 00:00 0 
7f1120ce4000-7f1124000000 ---p 00000000 00:00 0 
7f1124000000-7f11240a5000 rw-p 00000000 00:00 0 
7f11240a5000-7f1128000000 ---p 00000000 00:00 0 
7f1128000000-7f112804e000 rw-p 00000000 00:00 0 
7f112804e000-7f112c000000 ---p 00000000 00:00 0 
7f112c000000-7f112c021000 rw-p 00000000 00:00 0 
7f112c021000-7f1130000000 ---p 00000000 00:00 0 
7f1130000000-7f1130107000 rw-p 00000000 00:00 0 
7f1130107000-7f1134000000 ---p 00000000 00:00 0 
7f1134000000-7f11340b3000 rw-p 00000000 00:00 0 
7f11340b3000-7f1138000000 ---p 00000000 00:00 0 
7f1138000000-7f113831b000 rw-p 00000000 00:00 0 
7f113831b000-7f113c000000 ---p 00000000 00:00 0 
7f113c000000-7f113c025000 rw-p 00000000 00:00 0 
7f113c025000-7f1140000000 ---p 00000000 00:00 0 
7f1140000000-7f11400df000 rw-p 00000000 00:00 0 
7f11400df000-7f1144000000 ---p 00000000 00:00 0 
7f1144000000-7f1144089000 rw-p 00000000 00:00 0 
7f1144089000-7f1148000000 ---p 00000000 00:00 0 
7f1148000000-7f114816f000 rw-p 00000000 00:00 0 
7f114816f000-7f114c000000 ---p 00000000 00:00 0 
7f114c000000-7f114c07d000 rw-p 00000000 00:00 0 
7f114c07d000-7f1150000000 ---p 00000000 00:00 0 
7f115009e000-7f11500a3000 r--s 002f9000 08:01 1972479                    /root/.sdkman/candidates/java/8.0.201-oracle/jre/lib/charsets.jar
7f11500a3000-7f11502a3000 rw-p 00000000 00:00 0 
7f11502a3000-7f11504a3000 rw-p 00000000 00:00 0 
7f11504a3000-7f11506a3000 rw-p 00000000 00:00 0 
7f11506a3000-7f11508a3000 rw-p 00000000 00:00 0 
7f11508a3000-7f1150aa3000 rw-p 00000000 00:00 0 
7f1150aa3000-7f1150ca3000 rw-p 00000000 00:00 0 
7f1150ca3000-7f1150ea1000 rw-p 00000000 00:00 0 
7f1150ea1000-7f1150ea3000 ---p 00000000 00:00 0 
7f1150ea3000-7f11510a3000 rw-p 00000000 00:00 0 
7f11510a3000-7f11512a3000 rw-p 00000000 00:00 0 
7f11512a3000-7f11514a3000 rw-p 00000000 00:00 0 
7f11514a3000-7f1151539000 r--s 0110e000 08:01 1972603                    /root/.sdkman/candidates/java/8.0.201-oracle/jre/lib/ext/jfxrt.jar
7f1151539000-7f1151739000 rw-p 00000000 00:00 0 
7f1151739000-7f115174a000 r-xp 00000000 08:01 1972458                    /root/.sdkman/candidates/java/8.0.201-oracle/jre/lib/amd64/libnio.so
7f115174a000-7f1151949000 ---p 00011000 08:01 1972458                    /root/.sdkman/candidates/java/8.0.201-oracle/jre/lib/amd64/libnio.so
7f1151949000-7f115194a000 r--p 00010000 08:01 1972458                    /root/.sdkman/candidates/java/8.0.201-oracle/jre/lib/amd64/libnio.so
7f115194a000-7f115194b000 rw-p 00011000 08:01 1972458                    /root/.sdkman/candidates/java/8.0.201-oracle/jre/lib/amd64/libnio.so
7f115194b000-7f1151b4b000 rw-p 00000000 00:00 0 
7f1151b4b000-7f1151b4e000 ---p 00000000 00:00 0 
7f1151b4e000-7f1151e4c000 rw-p 00000000 00:00 0 
7f1151e4c000-7f115204c000 rw-p 00000000 00:00 0 
7f115204c000-7f1152050000 r--s 000a1000 08:01 1972659                    /root/.sdkman/candidates/java/8.0.201-oracle/jre/lib/jsse.jar
7f1152050000-7f1152053000 ---p 00000000 00:00 0 
7f1152053000-7f1152151000 rw-p 00000000 00:00 0 
7f1152151000-7f115215a000 r-xp 00000000 08:01 1972455                    /root/.sdkman/candidates/java/8.0.201-oracle/jre/lib/amd64/libmanagement.so
7f115215a000-7f1152359000 ---p 00009000 08:01 1972455                    /root/.sdkman/candidates/java/8.0.201-oracle/jre/lib/amd64/libmanagement.so
7f1152359000-7f115235a000 r--p 00008000 08:01 1972455                    /root/.sdkman/candidates/java/8.0.201-oracle/jre/lib/amd64/libmanagement.so
7f115235a000-7f115235b000 rw-p 00009000 08:01 1972455                    /root/.sdkman/candidates/java/8.0.201-oracle/jre/lib/amd64/libmanagement.so
7f115235b000-7f115255b000 rw-p 00000000 00:00 0 
7f115255b000-7f115275b000 rw-p 00000000 00:00 0 
7f115275b000-7f115295b000 rw-p 00000000 00:00 0 
7f115295b000-7f1152b5b000 rw-p 00000000 00:00 0 
7f1152b5b000-7f1152b71000 r-xp 00000000 08:01 1972457                    /root/.sdkman/candidates/java/8.0.201-oracle/jre/lib/amd64/libnet.so
7f1152b71000-7f1152d71000 ---p 00016000 08:01 1972457                    /root/.sdkman/candidates/java/8.0.201-oracle/jre/lib/amd64/libnet.so
7f1152d71000-7f1152d72000 r--p 00016000 08:01 1972457                    /root/.sdkman/candidates/java/8.0.201-oracle/jre/lib/amd64/libnet.so
7f1152d72000-7f1152d73000 rw-p 00017000 08:01 1972457                    /root/.sdkman/candidates/java/8.0.201-oracle/jre/lib/amd64/libnet.so
7f1152d73000-7f1152d76000 ---p 00000000 00:00 0 
7f1152d76000-7f1152e74000 rw-p 00000000 00:00 0 
7f1152e74000-7f1152e87000 r--s 00345000 08:01 1972722                    /root/.sdkman/candidates/java/8.0.201-oracle/jre/lib/resources.jar
7f1152e87000-7f1152e88000 ---p 00000000 00:00 0 
7f1152e88000-7f1152f88000 rw-p 00000000 00:00 0 
7f1152f88000-7f1152f8b000 ---p 00000000 00:00 0 
7f1152f8b000-7f1153089000 rw-p 00000000 00:00 0 
7f1153089000-7f115308c000 ---p 00000000 00:00 0 
7f115308c000-7f115318a000 rw-p 00000000 00:00 0 
7f115318a000-7f115318d000 ---p 00000000 00:00 0 
7f115318d000-7f115328b000 rw-p 00000000 00:00 0 
7f115328b000-7f115328e000 ---p 00000000 00:00 0 
7f115328e000-7f115338c000 rw-p 00000000 00:00 0 
7f115338c000-7f115338f000 ---p 00000000 00:00 0 
7f115338f000-7f115348d000 rw-p 00000000 00:00 0 
7f115348d000-7f1153490000 ---p 00000000 00:00 0 
7f1153490000-7f115358e000 rw-p 00000000 00:00 0 
7f115358e000-7f1153591000 ---p 00000000 00:00 0 
7f1153591000-7f115368f000 rw-p 00000000 00:00 0 
7f115368f000-7f1153693000 r-xp 00000000 08:01 1972424                    /root/.sdkman/candidates/java/8.0.201-oracle/jre/lib/amd64/libdt_socket.so
7f1153693000-7f1153892000 ---p 00004000 08:01 1972424                    /root/.sdkman/candidates/java/8.0.201-oracle/jre/lib/amd64/libdt_socket.so
7f1153892000-7f1153893000 r--p 00003000 08:01 1972424                    /root/.sdkman/candidates/java/8.0.201-oracle/jre/lib/amd64/libdt_socket.so
7f1153893000-7f1153894000 rw-p 00004000 08:01 1972424                    /root/.sdkman/candidates/java/8.0.201-oracle/jre/lib/amd64/libdt_socket.so
7f1153894000-7f115389b000 r--s 00065000 08:01 1970008                    /root/.gradle/caches/modules-2/files-2.1/org.springframework/springloaded/1.2.8.RELEASE/b60bac05b0451cdc1863bfec617f39aa0dcaaa43/springloaded-1.2.8.RELEASE.jar
7f115389b000-7f11538d4000 r--s 00382000 08:01 1969944                    /root/.gradle/caches/modules-2/files-2.1/com.google.javascript/closure-compiler-unshaded/v20160713/7df7b683e16c93f65361a15356283599ba012c78/closure-compiler-unshaded-v20160713.jar
7f11538d4000-7f11538e1000 r--s 00109000 08:01 1969943                    /root/.gradle/caches/modules-2/files-2.1/org.mozilla/rhino/1.7R4/e982f2136574b9a423186fbaeaaa98dc3e5a5288/rhino-1.7R4.jar
7f11538e1000-7f11538ee000 r--s 00083000 08:01 1970001                    /root/.gradle/caches/modules-2/files-2.1/commons-collections/commons-collections/3.2.2/8ad72fe39fa8c91eaaf12aadb21e0c3661fe26d5/commons-collections-3.2.2.jar
7f11538ee000-7f11538f5000 r--s 0003f000 08:01 2098751                    /root/.m2/repository/commons-codec/commons-codec/1.10/commons-codec-1.10.jar
7f11538f5000-7f11538f9000 r--s 0000c000 08:01 1969969                    /root/.gradle/caches/modules-2/files-2.1/javax.validation/validation-api/1.1.0.Final/8613ae82954779d518631e05daa73a6a954817d5/validation-api-1.1.0.Final.jar
7f11538f9000-7f11538fc000 r--s 00029000 08:01 1969987                    /root/.gradle/caches/modules-2/files-2.1/commons-validator/commons-validator/1.5.1/86d05a46e8f064b300657f751b5a98c62807e2a0/commons-validator-1.5.1.jar
7f11538fc000-7f1153902000 r--s 00027000 08:01 1971697                    /root/.gradle/caches/modules-2/files-2.1/opensymphony/sitemesh/2.4/fa84c82cce30a9a632c08dd2277d63993d972cf5/sitemesh-2.4.jar
7f1153902000-7f1153904000 r--s 00007000 08:01 1971696                    /root/.gradle/caches/modules-2/files-2.1/org.grails/grails-web-taglib/3.3.2/ac756b51210375b92014a4a206a0443e93474491/grails-web-taglib-3.3.2.jar
7f1153904000-7f1153907000 r--s 00015000 08:01 1971695                    /root/.gradle/caches/modules-2/files-2.1/org.grails/grails-taglib/3.3.2/75056cd2647d469cb2bc36dd7dbb7e708fe8583/grails-taglib-3.3.2.jar
7f1153907000-7f115390a000 r--s 0001d000 08:01 1969913                    /root/.gradle/caches/modules-2/files-2.1/org.codehaus.groovy/groovy-json/2.4.15/f6f6890181821246398cd44ba1fdf74f55717697/groovy-json-2.4.15.jar
7f115390a000-7f115390e000 r--s 00042000 08:01 1971694                    /root/.gradle/caches/modules-2/files-2.1/com.fasterxml.jackson.core/jackson-core/2.8.11/876ead1db19f0c9e79c9789273a3ef8c6fd6c29b/jackson-core-2.8.11.jar
7f115390e000-7f1153911000 r--s 0000b000 08:01 1971693                    /root/.gradle/caches/modules-2/files-2.1/com.fasterxml.jackson.core/jackson-annotations/2.8.0/45b426f7796b741035581a176744d91090e2e6fb/jackson-annotations-2.8.0.jar
7f1153911000-7f1153912000 r--s 00000000 08:01 1971864                    /root/.gradle/caches/modules-2/files-2.1/org.codehaus.mojo/animal-sniffer-annotations/1.14/775b7e22fb10026eed3f86e8dc556dfafe35f2d5/animal-sniffer-annotations-1.14.jar
7f1153912000-7f1153914000 r--s 00001000 08:01 1971863                    /root/.gradle/caches/modules-2/files-2.1/com.google.j2objc/j2objc-annotations/1.1/ed28ded51a8b1c6b112568def5f4b455e6809019/j2objc-annotations-1.1.jar
7f1153914000-7f1153915000 r--s 00002000 08:01 1971862                    /root/.gradle/caches/modules-2/files-2.1/com.google.errorprone/error_prone_annotations/2.0.18/5f65affce1684999e2f4024983835efc3504012e/error_prone_annotations-2.0.18.jar
7f1153915000-7f1153918000 r--s 00006000 08:01 1969976                    /root/.gradle/caches/modules-2/files-2.1/com.google.code.findbugs/jsr305/1.3.9/40719ea6961c0cb6afaeb6a921eaa1f6afd4cfdf/jsr305-1.3.9.jar
7f1153918000-7f115391a000 r--s 00000000 08:01 1971844                    /root/.gradle/caches/modules-2/files-2.1/aopalliance/aopalliance/1.0/235ba8b489512805ac13a8f9ea77a1ca5ebe3e8/aopalliance-1.0.jar
7f115391a000-7f115391b000 r--s 00005000 08:01 1971692                    /root/.gradle/caches/modules-2/files-2.1/org.grails/grails-codecs/3.3.9/422fd1c1528e7ffc3117a1f5a57a21947a90c218/grails-codecs-3.3.9.jar
7f115391b000-7f1153924000 r--s 0002d000 08:01 1971691                    /root/.gradle/caches/modules-2/files-2.1/xml-apis/xml-apis/1.4.01/3789d9fada2d3d458c4ba2de349d48780f381ee3/xml-apis-1.4.01.jar
7f1153924000-7f1153926000 r--s 00008000 08:01 1969942                    /root/.gradle/caches/modules-2/files-2.1/javax.el/javax.el-api/2.2.4/1287562cc3f0ff5439ded6f2949e73ce1c0edaab/javax.el-api-2.2.4.jar
7f1153926000-7f1153937000 r--s 000a1000 08:01 1971690                    /root/.gradle/caches/modules-2/files-2.1/org.hibernate/hibernate-validator/5.3.6.Final/4c730be8bf55a8e9a61e79a2f2c079abf48b718/hibernate-validator-5.3.6.Final.jar
7f1153937000-7f115393e000 r--s 00060000 08:01 1969940                    /root/.gradle/caches/modules-2/files-2.1/org.grails/grails-datastore-gorm-hibernate-core/6.1.11.RELEASE/469da0c838264df268437b8ba5e9bb7a58dac4d6/grails-datastore-gorm-hibernate-core-6.1.11.RELEASE.jar
7f115393e000-7f1153950000 r--s 000b9000 08:01 1971689                    /root/.gradle/caches/modules-2/files-2.1/org.springframework/spring-web/4.3.21.RELEASE/64e4d7c10ce844ea093bee12f0bc9afc563ffa33/spring-web-4.3.21.RELEASE.jar
7f1153950000-7f1153955000 r--s 00026000 08:01 1971688                    /root/.gradle/caches/modules-2/files-2.1/org.grails/scaffolding-core/1.1.1/c79e9bd310896f3afbba331170c54fa2ce7f9a5d/scaffolding-core-1.1.1.jar
7f1153955000-7f1153958000 r--s 00016000 08:01 1969967                    /root/.gradle/caches/modules-2/files-2.1/org.grails/grails-datastore-gorm-validation/6.1.11.RELEASE/4549bc1a7694609955144d85b51d3a3db4427196/grails-datastore-gorm-validation-6.1.11.RELEASE.jar
7f1153958000-7f115395a000 r--s 00014000 08:01 1971687                    /root/.gradle/caches/modules-2/files-2.1/org.apache.tomcat.embed/tomcat-embed-logging-log4j/8.5.2/53bdd1eebc7393713261d178ac096a742423f940/tomcat-embed-logging-log4j-8.5.2.jar
7f115395a000-7f115396a000 r--s 000d1000 08:01 1969938                    /root/.gradle/caches/modules-2/files-2.1/org.grails/grails-datastore-gorm/6.1.11.RELEASE/219ea3bb928d8bf2aca842841aad0ab223646bc8/grails-datastore-gorm-6.1.11.RELEASE.jar
7f115396a000-7f115396d000 r--s 00012000 08:01 1971686                    /root/.gradle/caches/modules-2/files-2.1/org.codehaus.groovy/groovy-sql/2.4.15/591ed2582868cb47fcac04eb50923faf52bfd231/groovy-sql-2.4.15.jar
7f115396d000-7f1153977000 r--s 00060000 08:01 1970004                    /root/.gradle/caches/modules-2/files-2.1/org.springframework/spring-jdbc/4.3.21.RELEASE/3691a7af0372d73723222c4e0c63db2e58637e8e/spring-jdbc-4.3.21.RELEASE.jar
7f1153977000-7f1153979000 r--s 00006000 08:01 1971685                    /root/.gradle/caches/modules-2/files-2.1/org.grails/grails-plugin-domain-class/3.3.9/3369ad0eafe93adf9fbb1aa961444517a67e454e/grails-plugin-domain-class-3.3.9.jar
7f1153979000-7f115397a000 r--s 00004000 08:01 1971684                    /root/.gradle/caches/modules-2/files-2.1/org.grails/grails-plugin-validation/3.3.9/463fe21fd8f36e2082dd2a47c961ec0774c69d41/grails-plugin-validation-3.3.9.jar
7f115397a000-7f115397c000 r--s 00009000 08:01 1971683                    /root/.gradle/caches/modules-2/files-2.1/org.grails/grails-plugin-mimetypes/3.3.9/307577bb0614aa982e1c572a302d77b6a76ab8ab/grails-plugin-mimetypes-3.3.9.jar
7f115397c000-7f115397e000 r--s 0000b000 08:01 1971682                    /root/.gradle/caches/modules-2/files-2.1/org.grails/grails-web-sitemesh/3.3.2/303fa6b72bf19b466948b9f6e04e7f99b0d273cc/grails-web-sitemesh-3.3.2.jar
7f115397e000-7f1153980000 r--s 00011000 08:01 1971681                    /root/.gradle/caches/modules-2/files-2.1/org.grails/grails-web-gsp/3.3.2/6eae32a15af290d9b694b2bdd4812f12fbe664ef/grails-web-gsp-3.3.2.jar
7f1153980000-7f1153981000 r--s 00005000 08:01 1971680                    /root/.gradle/caches/modules-2/files-2.1/org.grails/grails-web-mvc/3.3.9/8122d62baf7021e396aa7e4565d0e89b5ae7c6d4/grails-web-mvc-3.3.9.jar
7f1153981000-7f1153984000 r--s 0002a000 08:01 1971679                    /root/.gradle/caches/modules-2/files-2.1/org.grails/grails-web-url-mappings/3.3.9/c276c557e7dfd6b003d36127c9a8887e1d06b911/grails-web-url-mappings-3.3.9.jar
7f1153984000-7f1153986000 r--s 00014000 08:01 1971678                    /root/.gradle/caches/modules-2/files-2.1/org.grails/grails-web-databinding/3.3.9/fffd881d62a9ce690f9c213172bf4e14fdc75465/grails-web-databinding-3.3.9.jar
7f1153986000-7f115398b000 r--s 00029000 08:01 1971677                    /root/.gradle/caches/modules-2/files-2.1/org.springframework/spring-context-support/4.3.21.RELEASE/1a95108c75e45a92f7e37891d07e432bc7a7265e/spring-context-support-4.3.21.RELEASE.jar
7f115398b000-7f115399c000 r--s 000d0000 08:01 1971676                    /root/.gradle/caches/modules-2/files-2.1/org.springframework/spring-webmvc/4.3.21.RELEASE/697b5d133fc9293a25caec960fd19c7bd518f56a/spring-webmvc-4.3.21.RELEASE.jar
7f115399c000-7f115399f000 r--s 00026000 08:01 1971675                    /root/.gradle/caches/modules-2/files-2.1/org.grails/grails-gsp/3.3.2/1f3e225268cd887ce7fc895d2e9e1f8864ad92a5/grails-gsp-3.3.2.jar
7f115399f000-7f11539a4000 r--s 00029000 08:01 1971674                    /root/.gradle/caches/modules-2/files-2.1/org.grails/grails-encoder/3.3.9/6360fc8161d0d3012860d0c11ad133c6a958a0f7/grails-encoder-3.3.9.jar
7f11539a4000-7f11539a7000 r--s 0000f000 08:01 1971673                    /root/.gradle/caches/modules-2/files-2.1/org.grails/grails-databinding/3.3.9/68f546bab1e9490802522b24ed21ca490ad8b685/grails-databinding-3.3.9.jar
7f11539a7000-7f11539a9000 r--s 00002000 08:01 1971672                    /root/.gradle/caches/modules-2/files-2.1/org.apache.tomcat/tomcat-annotations-api/8.5.35/5e03d5b26a8cdf7368831d35baa323aaae3213b4/tomcat-annotations-api-8.5.35.jar
7f11539a9000-7f11539bb000 r--s 0011f000 08:01 1971671                    /root/.gradle/caches/modules-2/files-2.1/com.fasterxml.jackson.core/jackson-databind/2.8.11.3/844df5aba5a1a56e00905b165b12bb34116ee858/jackson-databind-2.8.11.3.jar
7f11539bb000-7f11539bc000 r--s 00003000 08:01 1969966                    /root/.gradle/caches/modules-2/files-2.1/javax.transaction/jta/1.1/2ca09f0b36ca7d71b762e14ea2ff09d5eac57558/jta-1.1.jar
7f11539bc000-7f11539c2000 r--s 0003d000 08:01 1969664                    /root/.m2/repository/org/yaml/snakeyaml/1.17/snakeyaml-1.17.jar
7f11539c2000-7f11539c5000 r--s 00016000 08:01 1969916                    /root/.gradle/caches/modules-2/files-2.1/org.codehaus.groovy/groovy-templates/2.4.15/b5cbe971f2950452c1d431ea0135dd8de2d5f58e/groovy-templates-2.4.15.jar
7f11539c5000-7f11539c9000 r--s 00031000 08:01 1969915                    /root/.gradle/caches/modules-2/files-2.1/org.codehaus.groovy/groovy-xml/2.4.15/40865f59469e6b0808c9c304bd17038997220c72/groovy-xml-2.4.15.jar
7f11539c9000-7f11539cf000 r--s 0003e000 08:01 1971670                    /root/.gradle/caches/modules-2/files-2.1/org.springframework/spring-expression/4.3.21.RELEASE/e69cc3105026235d4b91cb1c51c25ce125f0b7/spring-expression-4.3.21.RELEASE.jar
7f11539cf000-7f11539d8000 r--s 00054000 08:01 1971669                    /root/.gradle/caches/modules-2/files-2.1/org.springframework/spring-aop/4.3.21.RELEASE/e29ad56774c2e8d685b2628a1cd7df217e8e76b9/spring-aop-4.3.21.RELEASE.jar
7f11539d8000-7f11539da000 r--s 0000e000 08:01 2098706                    /root/.m2/repository/commons-logging/commons-logging/1.2/commons-logging-1.2.jar
7f11539da000-7f11539e5000 r--s 0006a000 08:01 1971668                    /root/.gradle/caches/modules-2/files-2.1/ch.qos.logback/logback-core/1.1.11/88b8df40340eed549fb07e2613879bf6b006704d/logback-core-1.1.11.jar
7f11539e5000-7f1153a15000 r--s 0024f000 08:01 1971861                    /root/.gradle/caches/modules-2/files-2.1/com.google.guava/guava/23.0/c947004bb13d18182be60077ade044099e4f26f1/guava-23.0.jar
7f1153a15000-7f1153a19000 r--s 00112000 08:01 1971707                    /root/.gradle/caches/modules-2/files-2.1/net.java.dev.jna/jna/4.2.2/5012450aee579c3118ff09461d5ce210e0cdc2a9/jna-4.2.2.jar
7f1153a19000-7f1153a1d000 r--s 00049000 08:01 1969910                    /root/.gradle/caches/modules-2/files-2.1/com.bertramlabs.plugins/asset-pipeline-core/2.15.1/7a03810517c8d4c241c686373f620e3ee92af1e7/asset-pipeline-core-2.15.1.jar
7f1153a1d000-7f1153a1f000 r--s 0000b000 08:01 1971667                    /root/.gradle/caches/modules-2/files-2.1/org.apache.tomcat/tomcat-juli/8.5.35/69d0606072b31b57ba706d1ffc102064ad8f694b/tomcat-juli-8.5.35.jar
7f1153a1f000-7f1153a21000 r--s 00007000 08:01 1970570                    /root/.gradle/caches/modules-2/files-2.1/javax.el/el-api/2.1.2-b03/1ac087d9d1a632d2ff82fa1e8b6610aca025ff2a/el-api-2.1.2-b03.jar
7f1153a21000-7f1153a2c000 r--s 00054000 08:01 1971843                    /root/.gradle/caches/modules-2/files-2.1/org.springframework.security/spring-security-web/4.2.10.RELEASE/5a6341dd31d4059342e074543308f81353d7c4f6/spring-security-web-4.2.10.RELEASE.jar
7f1153a2c000-7f1153a39000 r--s 0005a000 08:01 1971842                    /root/.gradle/caches/modules-2/files-2.1/org.springframework.security/spring-security-core/4.2.10.RELEASE/ad1f0de3a4b61dabc618998df06aa09f9ee82617/spring-security-core-4.2.10.RELEASE.jar
7f1153a39000-7f1153b14000 r--s 007c4000 08:01 1971841                    /root/.gradle/caches/modules-2/files-2.1/net.sf.ehcache/ehcache/2.10.5/74c1ec0a88bf20a14edb1b30a92b4c33cc6ea6b0/ehcache-2.10.5.jar
7f1153b14000-7f1153b16000 r--s 0001f000 08:01 1970569                    /root/.gradle/caches/modules-2/files-2.1/org.grails/grails-web-jsp/3.3.2/8dc6e9733613ba951264550dc3961f0e5444fc68/grails-web-jsp-3.3.2.jar
7f1153b16000-7f1153b17000 r--s 00004000 08:01 1970568                    /root/.gradle/caches/modules-2/files-2.1/org.grails/grails-plugin-codecs/3.3.9/58aa360e70cb31b7e7c50ac8523e99be3386f142/grails-plugin-codecs-3.3.9.jar
7f1153b17000-7f1153b1c000 r--s 00041000 08:01 1970567                    /root/.gradle/caches/modules-2/files-2.1/commons-lang/commons-lang/2.6/ce1edb914c94ebc388f086c6827e8bdeec71ac2/commons-lang-2.6.jar
7f1153b1c000-7f1153b1e000 r--s 0000b000 08:01 1970566                    /root/.gradle/caches/modules-2/files-2.1/org.grails/grails-web-gsp-taglib/3.3.2/b13b1d8cfd9a9357657d6be9f5b43c16dd6e3865/grails-web-gsp-taglib-3.3.2.jar
7f1153b1e000-7f1153b21000 r--s 00010000 08:01 1969931                    /root/.gradle/caches/modules-2/files-2.1/org.hibernate.common/hibernate-commons-annotations/5.0.1.Final/71e1cff3fcb20d3b3af4f3363c3ddb24d33c6879/hibernate-commons-annotations-5.0.1.Final.jar
7f1153b21000-7f1153b26000 r--s 00048000 08:01 1969930                    /root/.gradle/caches/modules-2/files-2.1/dom4j/dom4j/1.6.1/5d3ccc056b6f056dbf0dddfdf43894b9065a8f94/dom4j-1.6.1.jar
7f1153b26000-7f1153b28000 r--s 0000e000 08:01 1970565                    /root/.gradle/caches/modules-2/files-2.1/com.fasterxml/classmate/1.3.4/3d5f48f10bbe4eb7bd862f10c0583be2e0053c6/classmate-1.3.4.jar
7f1153b28000-7f1153b2b000 r--s 0002b000 08:01 1969928                    /root/.gradle/caches/modules-2/files-2.1/org.jboss/jandex/2.0.3.Final/bfc4d6257dbff7a33a357f0de116be6ff951d849/jandex-2.0.3.Final.jar
7f1153b2b000-7f1153b2c000 r--s 00003000 08:01 1969927                    /root/.gradle/caches/modules-2/files-2.1/org.apache.geronimo.specs/geronimo-jta_1.1_spec/1.1.1/aabab3165b8ea936b9360abbf448459c0d04a5a4/geronimo-jta_1.1_spec-1.1.1.jar
7f1153b2c000-7f1153b31000 r--s 00068000 08:01 1969925                    /root/.gradle/caches/modules-2/files-2.1/antlr/antlr/2.7.7/83cd2cd674a217ade95a4bb83a8a14f351f48bd0/antlr-2.7.7.jar
7f1153b31000-7f1153b33000 r--s 0000f000 08:01 1970564                    /root/.gradle/caches/modules-2/files-2.1/org.jboss.logging/jboss-logging/3.3.2.Final/3789d00e859632e6c6206adc0c71625559e6e3b0/jboss-logging-3.3.2.Final.jar
7f1153b33000-7f1153b3d000 r--s 0006b000 08:01 1969992                    /root/.gradle/caches/modules-2/files-2.1/org.springframework/spring-orm/4.3.21.RELEASE/b2a0c304b91c64a6bc1890061aa61a56acde8d70/spring-orm-4.3.21.RELEASE.jar
7f1153b3d000-7f1153b41000 r--s 00039000 08:01 1969909                    /root/.gradle/caches/modules-2/files-2.1/org.grails/grails-datastore-gorm-hibernate5/6.1.11.RELEASE/9acfd949a8c9d74ff2b82d8a8456f1c64021f626/grails-datastore-gorm-hibernate5-6.1.11.RELEASE.jar
7f1153b41000-7f1153b44000 r--s 00012000 08:01 1969908                    /root/.gradle/caches/modules-2/files-2.1/org.grails/grails-datastore-gorm-support/6.1.11.RELEASE/22bf5199a18407fecfbfb7d142f45fb42302e6a2/grails-datastore-gorm-support-6.1.11.RELEASE.jar
7f1153b44000-7f1153b45000 r--s 00002000 08:01 1969905                    /root/.gradle/caches/modules-2/files-2.1/org.grails/grails-datastore-web/6.1.11.RELEASE/20934b8135e97e6203c8d866a429d26102b2aab8/grails-datastore-web-6.1.11.RELEASE.jar
7f1153b45000-7f1153b47000 r--s 00003000 08:01 1970563                    /root/.gradle/caches/modules-2/files-2.1/org.grails/grails-events-compat/3.3.2/1250482ac83841a19c75b150777a2d2c28592d33/grails-events-compat-3.3.2.jar
7f1153b47000-7f1153b48000 r--s 00007000 08:01 1970562                    /root/.gradle/caches/modules-2/files-2.1/org.grails/grails-events-transform/3.3.2/645c93ccb03ea27a23d6ac25265b01e5a63b9525/grails-events-transform-3.3.2.jar
7f1153b48000-7f1153b4a000 r--s 0000b000 08:01 1970561                    /root/.gradle/caches/modules-2/files-2.1/org.grails/grails-events/3.3.2/a4c70fc8c391d8060d715ea68bfe4ff87761fd02/grails-events-3.3.2.jar
7f1153b4a000-7f1153b4c000 r--s 00020000 08:01 1970560                    /root/.gradle/caches/modules-2/files-2.1/org.grails.plugins/fields/2.2.8/bfb21b4e1c05db9f105159d12bcac0389b1ac464/fields-2.2.8.jar
7f1153b4c000-7f1153b4f000 r--s 0000e000 08:01 1970559                    /root/.gradle/caches/modules-2/files-2.1/org.grails/grails-async/3.3.2/df2d4d6d96161b1105298a951c6fff31dd52e1e9/grails-async-3.3.2.jar
7f1153b4f000-7f1153b59000 r--s 000aa000 08:01 1969993                    /root/.gradle/caches/modules-2/files-2.1/org.javassist/javassist/3.21.0-GA/598244f595db5c5fb713731eddbb1c91a58d959b/javassist-3.21.0-GA.jar
7f1153b59000-7f1153b5c000 r--s 00016000 08:01 1970558                    /root/.gradle/caches/modules-2/files-2.1/org.grails/grails-validation/3.3.9/30fdfdfe072fd2fdec5f3777f13eda7b3eff24db/grails-validation-3.3.9.jar
7f1153b5c000-7f1153b60000 r--s 0001e000 08:01 1970557                    /root/.gradle/caches/modules-2/files-2.1/org.grails.plugins/converters/3.3.1/afc1ea5fa7d7d52e83017856fa5a651d38145048/converters-3.3.1.jar
7f1153b60000-7f1153b62000 r--s 00005000 08:01 1970556                    /root/.gradle/caches/modules-2/files-2.1/org.grails/grails-plugin-datasource/3.3.9/3de57badc1db0a597e5da922ae6aa9abfd5f50db/grails-plugin-datasource-3.3.9.jar
7f1153b62000-7f1153b65000 r--s 00019000 08:01 1970555                    /root/.gradle/caches/modules-2/files-2.1/org.grails/grails-plugin-controllers/3.3.9/a81569a9a569b6489a6d81bb44d9c1f57cb43f1/grails-plugin-controllers-3.3.9.jar
7f1153b65000-7f1153b66000 r--s 00005000 08:01 1970554                    /root/.gradle/caches/modules-2/files-2.1/org.grails/grails-web/3.3.9/b78f4f6569bd38f44aa70f17799fa098c2d695e5/grails-web-3.3.9.jar
7f1153b66000-7f1153b6a000 r--s 00028000 08:01 1970553                    /root/.gradle/caches/modules-2/files-2.1/org.grails/grails-web-common/3.3.9/1ebb148a20659b7f22f247be74329eac328a1877/grails-web-common-3.3.9.jar
7f1153b6a000-7f1153b6f000 r--s 0003a000 08:01 1970552                    /root/.gradle/caches/modules-2/files-2.1/org.apache.tomcat.embed/tomcat-embed-websocket/8.5.35/e87da30db31e2d9e70598a12b40e9c2a23215a40/tomcat-embed-websocket-8.5.35.jar
7f1153b6f000-7f1153b74000 r--s 00038000 08:01 1970551                    /root/.gradle/caches/modules-2/files-2.1/org.apache.tomcat.embed/tomcat-embed-el/8.5.35/da63e21798ee42a4b4019c7345b159d3b63bc3de/tomcat-embed-el-8.5.35.jar
7f1153b74000-7f1153b9e000 r--s 002d7000 08:01 1970550                    /root/.gradle/caches/modules-2/files-2.1/org.apache.tomcat.embed/tomcat-embed-core/8.5.35/9c459829e1aa72669203dbbf6648dc3b6314644c/tomcat-embed-core-8.5.35.jar
7f1153b9e000-7f1153bae000 r--s 00079000 08:01 1970549                    /root/.gradle/caches/modules-2/files-2.1/org.springframework.boot/spring-boot-actuator/1.5.18.RELEASE/a970e02f8a2fec07a4ba752065f3e4c653cc4838/spring-boot-actuator-1.5.18.RELEASE.jar
7f1153bae000-7f1153baf000 r--s 00000000 08:01 1970548                    /root/.gradle/caches/modules-2/files-2.1/org.springframework.boot/spring-boot-starter/1.5.18.RELEASE/f7676e6488e22fcf6c0119120d7364e14fa11dca/spring-boot-starter-1.5.18.RELEASE.jar
7f1153baf000-7f1153bbd000 r--s 00081000 08:01 1969932                    /root/.gradle/caches/modules-2/files-2.1/org.grails/grails-datastore-core/6.1.11.RELEASE/bf1cba58dc8dec80bc752fd172be5eda6a6bc6d0/grails-datastore-core-6.1.11.RELEASE.jar
7f1153bbd000-7f1153bd7000 r--s 000fe000 08:01 1970545                    /root/.gradle/caches/modules-2/files-2.1/org.springframework/spring-context/4.3.21.RELEASE/5264ce9d8039d48684ce3fc25eb5d214fa46ab5b/spring-context-4.3.21.RELEASE.jar
7f1153bd7000-7f1153be5000 r--s 000ad000 08:01 1970002                    /root/.gradle/caches/modules-2/files-2.1/org.springframework/spring-beans/4.3.21.RELEASE/b189b059b054acd7ea3d07dc028800d471bb72b6/spring-beans-4.3.21.RELEASE.jar
7f1153be5000-7f1153bfc000 r--s 000fe000 08:01 1969946                    /root/.gradle/caches/modules-2/files-2.1/org.springframework/spring-core/4.3.21.RELEASE/baca8fcf544214f08fe594ba092d6fa88900a74e/spring-core-4.3.21.RELEASE.jar
7f1153bfc000-7f1153bff000 ---p 00000000 00:00 0 
7f1153bff000-7f1153cfd000 rw-p 00000000 00:00 0 
7f1153cfd000-7f1153d00000 ---p 00000000 00:00 0 
7f1153d00000-7f1153dfe000 rw-p 00000000 00:00 0 
7f1153dfe000-7f1153e01000 ---p 00000000 00:00 0 
7f1153e01000-7f1153eff000 rw-p 00000000 00:00 0 
7f1153eff000-7f1153f00000 ---p 00000000 00:00 0 
7f1153f00000-7f1154000000 rw-p 00000000 00:00 0 
7f1154000000-7f115432f000 rw-p 00000000 00:00 0 
7f115432f000-7f1158000000 ---p 00000000 00:00 0 
7f1158000000-7f1158004000 r--s 00040000 08:01 1970547                    /root/.gradle/caches/modules-2/files-2.1/xalan/serializer/2.7.2/24247f3bb052ee068971393bdb83e04512bb1c3c/serializer-2.7.2.jar
7f1158004000-7f1158005000 r--s 00009000 08:01 1970546                    /root/.gradle/caches/modules-2/files-2.1/org.grails/grails-spring/3.3.9/9b4ddfe7dac11b146fca97d2b0db5a89b1cb68/grails-spring-3.3.9.jar
7f1158005000-7f1158009000 r--s 0003a000 08:01 1969658                    /root/.m2/repository/org/grails/grails-bootstrap/3.3.9/grails-bootstrap-3.3.9.jar
7f1158009000-7f1158011000 r--s 0003a000 08:01 1969994                    /root/.gradle/caches/modules-2/files-2.1/org.springframework/spring-tx/4.3.21.RELEASE/9920a4b7629ee949f6ead56a214b532863c02919/spring-tx-4.3.21.RELEASE.jar
7f1158011000-7f1158015000 r--s 00019000 08:01 1969965                    /root/.gradle/caches/modules-2/files-2.1/com.googlecode.concurrentlinkedhashmap/concurrentlinkedhashmap-lru/1.4.2/2eaf3d3c9746d526ff7e5b93931d482c3887e6ac/concurrentlinkedhashmap-lru-1.4.2.jar
7f1158015000-7f115801a000 r--s 00017000 08:01 1969924                    /root/.gradle/caches/modules-2/files-2.1/org.hibernate.javax.persistence/hibernate-jpa-2.1-api/1.0.0.Final/5e731d961297e5a07290bfaf3db1fbc8bbbf405a/hibernate-jpa-2.1-api-1.0.0.Final.jar
7f115801a000-7f115801c000 r--s 00009000 08:01 1969899                    /root/.gradle/caches/modules-2/files-2.1/org.slf4j/slf4j-api/1.7.25/da76ca59f6a57ee3102f8f9bd9cee742973efa8a/slf4j-api-1.7.25.jar
7f115801c000-7f1158069000 r--s 0042b000 08:01 1969897                    /root/.gradle/caches/modules-2/files-2.1/org.codehaus.groovy/groovy/2.4.15/74b7e0b99526c569e3a59cb84dbcc6204d601ee6/groovy-2.4.15.jar
7f1158069000-7f1158079000 r--s 00098000 08:01 1970544                    /root/.gradle/caches/modules-2/files-2.1/org.springframework.boot/spring-boot/1.5.18.RELEASE/7914ca08dafc83e7013ef1f14f03357114f0e813/spring-boot-1.5.18.RELEASE.jar
7f1158079000-7f115807b000 r--s 00004000 08:01 1970543                    /root/.gradle/caches/modules-2/files-2.1/org.slf4j/log4j-over-slf4j/1.7.25/a87bb47468f47ee7aabbd54f93e133d4215769c3/log4j-over-slf4j-1.7.25.jar
7f115807b000-7f115807d000 r--s 00000000 08:01 1970542                    /root/.gradle/caches/modules-2/files-2.1/org.slf4j/jul-to-slf4j/1.7.25/af5364cd6679bfffb114f0dec8a157aaa283b76/jul-to-slf4j-1.7.25.jar
7f115807d000-7f115807f000 r--s 00003000 08:01 1969900                    /root/.gradle/caches/modules-2/files-2.1/org.slf4j/jcl-over-slf4j/1.7.25/f8c32b13ff142a513eeb5b6330b1588dcb2c0461/jcl-over-slf4j-1.7.25.jar
7f115807f000-7f1158086000 r--s 00045000 08:01 1970541                    /root/.gradle/caches/modules-2/files-2.1/ch.qos.logback/logback-classic/1.1.11/ccedfbacef4a6515d2983e3f89ed753d5d4fb665/logback-classic-1.1.11.jar
7f1158086000-7f1158088000 r--s 00006000 08:01 1971860                    /root/.gradle/caches/modules-2/files-2.1/io.methvin/directory-watcher/0.5.1/cb910249d0de7831b31b682835f2b5cce8b5575a/directory-watcher-0.5.1.jar
7f1158088000-7f115808a000 r--s 0001e000 08:01 1970540                    /root/.gradle/caches/modules-2/files-2.1/com.bertramlabs.plugins/asset-pipeline-grails/2.15.1/5312ac75d278699a56792a07b9bd39b84b580fa/asset-pipeline-grails-2.15.1.jar
7f115808a000-7f115808d000 r--s 00022000 08:01 1970539                    /root/.gradle/caches/modules-2/files-2.1/org.apache.tomcat/tomcat-jdbc/8.5.35/b4b27053b96b70b6e2f3b8de9f5338b0d386386b/tomcat-jdbc-8.5.35.jar
7f115808d000-7f11580f9000 r--s 0050f000 08:01 1970535                    /root/.gradle/caches/modules-2/files-2.1/org.hibernate/hibernate-core/5.1.16.Final/7a87444230a21ad2201e96bfa2711766a502f0cc/hibernate-core-5.1.16.Final.jar
7f11580f9000-7f1159000000 rw-p 00000000 00:00 0 
7f1159000000-7f115a4e0000 rwxp 00000000 00:00 0 
7f115a4e0000-7f1168000000 ---p 00000000 00:00 0 
7f1168000000-7f1169b4d000 rw-p 00000000 00:00 0 
7f1169b4d000-7f116c000000 ---p 00000000 00:00 0 
7f116c000000-7f116c010000 r--s 001c7000 08:01 1970538                    /root/.gradle/caches/modules-2/files-2.1/com.h2database/h2/1.4.197/bb391050048ca8ae3e32451b5a3714ecd3596a46/h2-1.4.197.jar
7f116c010000-7f116c013000 r--s 00018000 08:01 1970537                    /root/.gradle/caches/modules-2/files-2.1/org.glassfish.web/el-impl/2.1.2-b03/6bab1211b6e6b191fdbf06067bd05d2f75a62ac0/el-impl-2.1.2-b03.jar
7f116c013000-7f116c01c000 r--s 0007c000 08:01 1971892                    /root/.gradle/caches/modules-2/files-2.1/org.grails.plugins/spring-security-core/3.2.3/b4b937c45c69c062cb05007edd1fc66b06c7c999/spring-security-core-3.2.3.jar
7f116c01c000-7f116c021000 r--s 0004b000 08:01 1970536                    /root/.gradle/caches/modules-2/files-2.1/org.grails.plugins/gsp/3.3.2/f1e032675f2233c0b18f4de8e74d830197d11ac5/gsp-3.3.2.jar
7f116c021000-7f116c022000 r--s 00006000 08:01 1969895                    /root/.gradle/caches/modules-2/files-2.1/org.grails.plugins/hibernate5/6.1.11/11c3e1e0de56147fbadebec949203eb36208959c/hibernate5-6.1.11.jar
7f116c022000-7f116c023000 r--s 00001000 08:01 1970534                    /root/.gradle/caches/modules-2/files-2.1/org.grails.plugins/events/3.3.2/c43aed0886464bc62b8ef2c4963ea1bedeb19e6/events-3.3.2.jar
7f116c023000-7f116c025000 r--s 00006000 08:01 1970533                    /root/.gradle/caches/modules-2/files-2.1/org.grails.plugins/scaffolding/3.4.1/3794a2154aa473fd2281e1e36de398815a63e740/scaffolding-3.4.1.jar
7f116c025000-7f116c028000 r--s 0000c000 08:01 1970532                    /root/.gradle/caches/modules-2/files-2.1/org.grails.plugins/async/3.3.2/849be6dcabfba176078915404451c4b4479c6d49/async-3.3.2.jar
7f116c028000-7f116c02a000 r--s 00011000 08:01 1970531                    /root/.gradle/caches/modules-2/files-2.1/org.grails.plugins/cache/4.0.1/16962c7bd5a5367dc25f4753ac047b80b75059b7/cache-4.0.1.jar
7f116c02a000-7f116c02c000 r--s 00004000 08:01 1970529                    /root/.gradle/caches/modules-2/files-2.1/org.grails/grails-plugin-url-mappings/3.3.9/f3319c55bc2994a19bf46afb0d65aff1f0306706/grails-plugin-url-mappings-3.3.9.jar
7f116c02c000-7f116c02e000 r--s 00003000 08:01 1970528                    /root/.gradle/caches/modules-2/files-2.1/org.grails/grails-plugin-services/3.3.9/ff41527f65f42ca67ab9ef458d81b1e675745f1b/grails-plugin-services-3.3.9.jar
7f116c02e000-7f116c032000 r--s 00031000 08:01 1970525                    /root/.gradle/caches/modules-2/files-2.1/org.grails/grails-plugin-rest/3.3.9/e81a338b50e2fe4e0ff094498ba3bf7404d99c94/grails-plugin-rest-3.3.9.jar
7f116c032000-7f116c03f000 r--s 000b1000 08:01 1970520                    /root/.gradle/caches/modules-2/files-2.1/org.grails/grails-core/3.3.9/51a086528025dc387f0d6ad37d1b1f32d2dd0315/grails-core-3.3.9.jar
7f116c03f000-7f116c05f000 r--s 000e7000 08:01 1970519                    /root/.gradle/caches/modules-2/files-2.1/org.springframework.boot/spring-boot-autoconfigure/1.5.18.RELEASE/7951dd1fe36dea4a64db6c2f7e14f0b1e0adb3ea/spring-boot-autoconfigure-1.5.18.RELEASE.jar
7f116c05f000-7f116c2b0000 rw-p 00000000 00:00 0 
7f116c2b0000-7f116c48a000 r--s 03d6f000 08:01 1972723                    /root/.sdkman/candidates/java/8.0.201-oracle/jre/lib/rt.jar
7f116c48a000-7f116de0a000 rw-p 00000000 00:00 0 
7f116de0a000-7f116de0b000 ---p 00000000 00:00 0 
7f116de0b000-7f116df0b000 rw-p 00000000 00:00 0 
7f116df0b000-7f116df0c000 ---p 00000000 00:00 0 
7f116df0c000-7f116e2e1000 rw-p 00000000 00:00 0 
7f116e2e1000-7f116e64d000 ---p 00000000 00:00 0 
7f116e64d000-7f116e668000 r-xp 00000000 08:01 1972472                    /root/.sdkman/candidates/java/8.0.201-oracle/jre/lib/amd64/libzip.so
7f116e668000-7f116e867000 ---p 0001b000 08:01 1972472                    /root/.sdkman/candidates/java/8.0.201-oracle/jre/lib/amd64/libzip.so
7f116e867000-7f116e868000 r--p 0001a000 08:01 1972472                    /root/.sdkman/candidates/java/8.0.201-oracle/jre/lib/amd64/libzip.so
7f116e868000-7f116e869000 rw-p 0001b000 08:01 1972472                    /root/.sdkman/candidates/java/8.0.201-oracle/jre/lib/amd64/libzip.so
7f116e869000-7f116e874000 r-xp 00000000 08:01 263914                     /lib/x86_64-linux-gnu/libnss_files-2.23.so
7f116e874000-7f116ea73000 ---p 0000b000 08:01 263914                     /lib/x86_64-linux-gnu/libnss_files-2.23.so
7f116ea73000-7f116ea74000 r--p 0000a000 08:01 263914                     /lib/x86_64-linux-gnu/libnss_files-2.23.so
7f116ea74000-7f116ea75000 rw-p 0000b000 08:01 263914                     /lib/x86_64-linux-gnu/libnss_files-2.23.so
7f116ea75000-7f116ea7b000 rw-p 00000000 00:00 0 
7f116ea7b000-7f116ea86000 r-xp 00000000 08:01 263918                     /lib/x86_64-linux-gnu/libnss_nis-2.23.so
7f116ea86000-7f116ec85000 ---p 0000b000 08:01 263918                     /lib/x86_64-linux-gnu/libnss_nis-2.23.so
7f116ec85000-7f116ec86000 r--p 0000a000 08:01 263918                     /lib/x86_64-linux-gnu/libnss_nis-2.23.so
7f116ec86000-7f116ec87000 rw-p 0000b000 08:01 263918                     /lib/x86_64-linux-gnu/libnss_nis-2.23.so
7f116ec87000-7f116ec9d000 r-xp 00000000 08:01 263908                     /lib/x86_64-linux-gnu/libnsl-2.23.so
7f116ec9d000-7f116ee9c000 ---p 00016000 08:01 263908                     /lib/x86_64-linux-gnu/libnsl-2.23.so
7f116ee9c000-7f116ee9d000 r--p 00015000 08:01 263908                     /lib/x86_64-linux-gnu/libnsl-2.23.so
7f116ee9d000-7f116ee9e000 rw-p 00016000 08:01 263908                     /lib/x86_64-linux-gnu/libnsl-2.23.so
7f116ee9e000-7f116eea0000 rw-p 00000000 00:00 0 
7f116eea0000-7f116eea8000 r-xp 00000000 08:01 263910                     /lib/x86_64-linux-gnu/libnss_compat-2.23.so
7f116eea8000-7f116f0a7000 ---p 00008000 08:01 263910                     /lib/x86_64-linux-gnu/libnss_compat-2.23.so
7f116f0a7000-7f116f0a8000 r--p 00007000 08:01 263910                     /lib/x86_64-linux-gnu/libnss_compat-2.23.so
7f116f0a8000-7f116f0a9000 rw-p 00008000 08:01 263910                     /lib/x86_64-linux-gnu/libnss_compat-2.23.so
7f116f0a9000-7f116f0ab000 r-xp 00000000 08:01 1972460                    /root/.sdkman/candidates/java/8.0.201-oracle/jre/lib/amd64/libnpt.so
7f116f0ab000-7f116f2ab000 ---p 00002000 08:01 1972460                    /root/.sdkman/candidates/java/8.0.201-oracle/jre/lib/amd64/libnpt.so
7f116f2ab000-7f116f2ac000 r--p 00002000 08:01 1972460                    /root/.sdkman/candidates/java/8.0.201-oracle/jre/lib/amd64/libnpt.so
7f116f2ac000-7f116f2ad000 rw-p 00003000 08:01 1972460                    /root/.sdkman/candidates/java/8.0.201-oracle/jre/lib/amd64/libnpt.so
7f116f2ad000-7f116f2e7000 r-xp 00000000 08:01 1972444                    /root/.sdkman/candidates/java/8.0.201-oracle/jre/lib/amd64/libjdwp.so
7f116f2e7000-7f116f4e6000 ---p 0003a000 08:01 1972444                    /root/.sdkman/candidates/java/8.0.201-oracle/jre/lib/amd64/libjdwp.so
7f116f4e6000-7f116f4e7000 r--p 00039000 08:01 1972444                    /root/.sdkman/candidates/java/8.0.201-oracle/jre/lib/amd64/libjdwp.so
7f116f4e7000-7f116f4e8000 rw-p 0003a000 08:01 1972444                    /root/.sdkman/candidates/java/8.0.201-oracle/jre/lib/amd64/libjdwp.so
7f116f4e8000-7f116f4f2000 r-xp 00000000 08:01 1972431                    /root/.sdkman/candidates/java/8.0.201-oracle/jre/lib/amd64/libinstrument.so
7f116f4f2000-7f116f6f1000 ---p 0000a000 08:01 1972431                    /root/.sdkman/candidates/java/8.0.201-oracle/jre/lib/amd64/libinstrument.so
7f116f6f1000-7f116f6f2000 r--p 00009000 08:01 1972431                    /root/.sdkman/candidates/java/8.0.201-oracle/jre/lib/amd64/libinstrument.so
7f116f6f2000-7f116f6f3000 rw-p 0000a000 08:01 1972431                    /root/.sdkman/candidates/java/8.0.201-oracle/jre/lib/amd64/libinstrument.so
7f116f6f3000-7f116f71f000 r-xp 00000000 08:01 1972436                    /root/.sdkman/candidates/java/8.0.201-oracle/jre/lib/amd64/libjava.so
7f116f71f000-7f116f91f000 ---p 0002c000 08:01 1972436                    /root/.sdkman/candidates/java/8.0.201-oracle/jre/lib/amd64/libjava.so
7f116f91f000-7f116f920000 r--p 0002c000 08:01 1972436                    /root/.sdkman/candidates/java/8.0.201-oracle/jre/lib/amd64/libjava.so
7f116f920000-7f116f922000 rw-p 0002d000 08:01 1972436                    /root/.sdkman/candidates/java/8.0.201-oracle/jre/lib/amd64/libjava.so
7f116f922000-7f116f92f000 r-xp 00000000 08:01 1972471                    /root/.sdkman/candidates/java/8.0.201-oracle/jre/lib/amd64/libverify.so
7f116f92f000-7f116fb2e000 ---p 0000d000 08:01 1972471                    /root/.sdkman/candidates/java/8.0.201-oracle/jre/lib/amd64/libverify.so
7f116fb2e000-7f116fb30000 r--p 0000c000 08:01 1972471                    /root/.sdkman/candidates/java/8.0.201-oracle/jre/lib/amd64/libverify.so
7f116fb30000-7f116fb31000 rw-p 0000e000 08:01 1972471                    /root/.sdkman/candidates/java/8.0.201-oracle/jre/lib/amd64/libverify.so
7f116fb31000-7f116fb38000 r-xp 00000000 08:01 263939                     /lib/x86_64-linux-gnu/librt-2.23.so
7f116fb38000-7f116fd37000 ---p 00007000 08:01 263939                     /lib/x86_64-linux-gnu/librt-2.23.so
7f116fd37000-7f116fd38000 r--p 00006000 08:01 263939                     /lib/x86_64-linux-gnu/librt-2.23.so
7f116fd38000-7f116fd39000 rw-p 00007000 08:01 263939                     /lib/x86_64-linux-gnu/librt-2.23.so
7f116fd39000-7f116fe41000 r-xp 00000000 08:01 263897                     /lib/x86_64-linux-gnu/libm-2.23.so
7f116fe41000-7f1170040000 ---p 00108000 08:01 263897                     /lib/x86_64-linux-gnu/libm-2.23.so
7f1170040000-7f1170041000 r--p 00107000 08:01 263897                     /lib/x86_64-linux-gnu/libm-2.23.so
7f1170041000-7f1170042000 rw-p 00108000 08:01 263897                     /lib/x86_64-linux-gnu/libm-2.23.so
7f1170042000-7f1170d2a000 r-xp 00000000 08:01 1972476                    /root/.sdkman/candidates/java/8.0.201-oracle/jre/lib/amd64/server/libjvm.so
7f1170d2a000-7f1170f29000 ---p 00ce8000 08:01 1972476                    /root/.sdkman/candidates/java/8.0.201-oracle/jre/lib/amd64/server/libjvm.so
7f1170f29000-7f1170fbf000 r--p 00ce7000 08:01 1972476                    /root/.sdkman/candidates/java/8.0.201-oracle/jre/lib/amd64/server/libjvm.so
7f1170fbf000-7f1170ff0000 rw-p 00d7d000 08:01 1972476                    /root/.sdkman/candidates/java/8.0.201-oracle/jre/lib/amd64/server/libjvm.so
7f1170ff0000-7f117102b000 rw-p 00000000 00:00 0 
7f117102b000-7f11711eb000 r-xp 00000000 08:01 263865                     /lib/x86_64-linux-gnu/libc-2.23.so
7f11711eb000-7f11713eb000 ---p 001c0000 08:01 263865                     /lib/x86_64-linux-gnu/libc-2.23.so
7f11713eb000-7f11713ef000 r--p 001c0000 08:01 263865                     /lib/x86_64-linux-gnu/libc-2.23.so
7f11713ef000-7f11713f1000 rw-p 001c4000 08:01 263865                     /lib/x86_64-linux-gnu/libc-2.23.so
7f11713f1000-7f11713f5000 rw-p 00000000 00:00 0 
7f11713f5000-7f11713f8000 r-xp 00000000 08:01 263878                     /lib/x86_64-linux-gnu/libdl-2.23.so
7f11713f8000-7f11715f7000 ---p 00003000 08:01 263878                     /lib/x86_64-linux-gnu/libdl-2.23.so
7f11715f7000-7f11715f8000 r--p 00002000 08:01 263878                     /lib/x86_64-linux-gnu/libdl-2.23.so
7f11715f8000-7f11715f9000 rw-p 00003000 08:01 263878                     /lib/x86_64-linux-gnu/libdl-2.23.so
7f11715f9000-7f1171610000 r-xp 00000000 08:01 1972748                    /root/.sdkman/candidates/java/8.0.201-oracle/lib/amd64/jli/libjli.so
7f1171610000-7f117180f000 ---p 00017000 08:01 1972748                    /root/.sdkman/candidates/java/8.0.201-oracle/lib/amd64/jli/libjli.so
7f117180f000-7f1171810000 r--p 00016000 08:01 1972748                    /root/.sdkman/candidates/java/8.0.201-oracle/lib/amd64/jli/libjli.so
7f1171810000-7f1171811000 rw-p 00017000 08:01 1972748                    /root/.sdkman/candidates/java/8.0.201-oracle/lib/amd64/jli/libjli.so
7f1171811000-7f1171829000 r-xp 00000000 08:01 263933                     /lib/x86_64-linux-gnu/libpthread-2.23.so
7f1171829000-7f1171a28000 ---p 00018000 08:01 263933                     /lib/x86_64-linux-gnu/libpthread-2.23.so
7f1171a28000-7f1171a29000 r--p 00017000 08:01 263933                     /lib/x86_64-linux-gnu/libpthread-2.23.so
7f1171a29000-7f1171a2a000 rw-p 00018000 08:01 263933                     /lib/x86_64-linux-gnu/libpthread-2.23.so
7f1171a2a000-7f1171a2e000 rw-p 00000000 00:00 0 
7f1171a2e000-7f1171a54000 r-xp 00000000 08:01 263845                     /lib/x86_64-linux-gnu/ld-2.23.so
7f1171a54000-7f1171a55000 r--s 00008000 08:01 1970530                    /root/.gradle/caches/modules-2/files-2.1/org.grails/grails-plugin-interceptors/3.3.9/187c4c1ef95f8276bb60d1f56823433abf93eb00/grails-plugin-interceptors-3.3.9.jar
7f1171a55000-7f1171a56000 r--s 00003000 08:01 1970527                    /root/.gradle/caches/modules-2/files-2.1/org.grails/grails-plugin-i18n/3.3.9/e55539414203158701f5a4794fdc087a39867d44/grails-plugin-i18n-3.3.9.jar
7f1171a56000-7f1171a57000 r--s 00004000 08:01 1970526                    /root/.gradle/caches/modules-2/files-2.1/org.grails/grails-plugin-databinding/3.3.9/ec92ef8f39f93ea3374bede9b36e43147c08878e/grails-plugin-databinding-3.3.9.jar
7f1171a57000-7f1171a58000 r--s 00000000 08:01 1970524                    /root/.gradle/caches/modules-2/files-2.1/org.grails/grails-logging/3.3.9/e92409153e4b910a94f7a19dcd5a088c0037473d/grails-logging-3.3.9.jar
7f1171a58000-7f1171a59000 r--s 00001000 08:01 1970523                    /root/.gradle/caches/modules-2/files-2.1/org.grails/grails-web-boot/3.3.9/11705ab16f846a5c8b62de2fe1c94885e27f0be7/grails-web-boot-3.3.9.jar
7f1171a59000-7f1171a5a000 r--s 00000000 08:01 1970522                    /root/.gradle/caches/modules-2/files-2.1/org.springframework.boot/spring-boot-starter-tomcat/1.5.18.RELEASE/a9698317aa43178ae5f09ae015a828f9919a878c/spring-boot-starter-tomcat-1.5.18.RELEASE.jar
7f1171a5a000-7f1171a5b000 r--s 00000000 08:01 1970521                    /root/.gradle/caches/modules-2/files-2.1/org.springframework.boot/spring-boot-starter-actuator/1.5.18.RELEASE/c4858eedec690e61e547646ce7ae77e6bdc58c1a/spring-boot-starter-actuator-1.5.18.RELEASE.jar
7f1171a5b000-7f1171b3b000 rw-p 00000000 00:00 0 
7f1171b3b000-7f1171b43000 rw-s 00000000 08:01 1971934                    /tmp/hsperfdata_root/114
7f1171b43000-7f1171b4a000 r--s 00000000 08:01 264736                     /usr/lib/x86_64-linux-gnu/gconv/gconv-modules.cache
7f1171b4a000-7f1171b4d000 ---p 00000000 00:00 0 
7f1171b4d000-7f1171c50000 rw-p 00000000 00:00 0 
7f1171c50000-7f1171c51000 r--s 00000000 08:01 1970518                    /root/.gradle/caches/modules-2/files-2.1/org.springframework.boot/spring-boot-starter-logging/1.5.18.RELEASE/f60df51b2b14ee57db5340cf230ccd8514407017/spring-boot-starter-logging-1.5.18.RELEASE.jar
7f1171c51000-7f1171c52000 rw-p 00000000 00:00 0 
7f1171c52000-7f1171c53000 ---p 00000000 00:00 0 
7f1171c53000-7f1171c54000 r--p 00025000 08:01 263845                     /lib/x86_64-linux-gnu/ld-2.23.so
7f1171c54000-7f1171c55000 rw-p 00026000 08:01 263845                     /lib/x86_64-linux-gnu/ld-2.23.so
7f1171c55000-7f1171c56000 rw-p 00000000 00:00 0 
7ffcca5c5000-7ffcca5eb000 rw-p 00000000 00:00 0                          [stack]
7ffcca5ee000-7ffcca5f0000 r--p 00000000 00:00 0                          [vvar]
7ffcca5f0000-7ffcca5f2000 r-xp 00000000 00:00 0                          [vdso]
ffffffffff600000-ffffffffff601000 r-xp 00000000 00:00 0                  [vsyscall]

VM Arguments:
jvm_args: -Dendpoints.shutdown.enabled=true -Denv=development -Dfull.stacktrace=false -Dgrails.env=development -Dgrails.full.stacktrace=false -Dinfo.app.grailsVersion=3.3.9 -Dinfo.app.name=home -Dinfo.app.version=1.0 demo -Djdk.reflect.allowGetCallerClass=true -Drun.active=true -Dserver.port=8080 -Dspring.output.ansi.enabled=always -Dspring.profiles.active -Dspringloaded=inclusions=grails.plugins..*;synchronize=true;allowSplitPackages=true;cacheDir=/apps/home/build/springloaded -Dverbose=false -XX:+TieredCompilation -XX:TieredStopAtLevel=1 -XX:CICompilerCount=3 -javaagent:/root/.gradle/caches/modules-2/files-2.1/org.springframework/springloaded/1.2.8.RELEASE/b60bac05b0451cdc1863bfec617f39aa0dcaaa43/springloaded-1.2.8.RELEASE.jar -Xverify:none -Xms768m -Xmx768m -Dfile.encoding=US-ASCII -Duser.country=US -Duser.language=en -Duser.variant -agentlib:jdwp=transport=dt_socket,server=y,suspend=y,address=5005 
java_command: ddtr.Application
java_class_path (initial): /apps/home/src/main/resources:/apps/home/grails-app/views:/apps/home/grails-app/i18n:/apps/home/grails-app/conf:/apps/home/build/classes/main:/apps/home/build/resources/main:/apps/home/gsp-classes:/root/.gradle/caches/modules-2/files-2.1/org.springframework.boot/spring-boot-starter-logging/1.5.18.RELEASE/f60df51b2b14ee57db5340cf230ccd8514407017/spring-boot-starter-logging-1.5.18.RELEASE.jar:/root/.gradle/caches/modules-2/files-2.1/org.springframework.boot/spring-boot-autoconfigure/1.5.18.RELEASE/7951dd1fe36dea4a64db6c2f7e14f0b1e0adb3ea/spring-boot-autoconfigure-1.5.18.RELEASE.jar:/root/.gradle/caches/modules-2/files-2.1/org.grails/grails-core/3.3.9/51a086528025dc387f0d6ad37d1b1f32d2dd0315/grails-core-3.3.9.jar:/root/.gradle/caches/modules-2/files-2.1/org.springframework.boot/spring-boot-starter-actuator/1.5.18.RELEASE/c4858eedec690e61e547646ce7ae77e6bdc58c1a/spring-boot-starter-actuator-1.5.18.RELEASE.jar:/root/.gradle/caches/modules-2/files-2.1/org.springframework.boot/spring-boot-starter-tomcat/1.5.18.RELEASE/a9698317aa43178ae5f09ae015a828f9919a878c/spring-boot-starter-tomcat-1.5.18.RELEASE.jar:/root/.gradle/caches/modules-2/files-2.1/org.grails/grails-web-boot/3.3.9/11705ab16f846a5c8b62de2fe1c94885e27f0be7/grails-web-boot-3.3.9.jar:/root/.gradle/caches/modules-2/files-2.1/org.grails/grails-logging/3.3.9/e92409153e4b910a94f7a19dcd5a088c0037473d/grails-logging-3.3.9.jar:/root/.gradle/caches/modules-2/files-2.1/org.grails/grails-plugin-rest/3.3.9/e81a338b50e2fe4e0ff094498ba3bf7404d99c94/grails-plugin-rest-3.3.9.jar:/root/.gradle/caches/modules-2/files-2.1/org.grails/grails-plugin-databinding/3.3.9/ec92ef8f39f93ea3374bede9b36e43147c08878e/grails-plugin-databinding-3.3.9.jar:/root/.gradle/caches/modules-2/files-2.1/org.grails/grails-plugin-i18n/3.3.9/e55539414203158701f5a4794fdc087a39867d44/grails-plugin-i18n-3.3.9.jar:/root/.gradle/caches/modules-2/files-2.1/org.grails/grails-plugin-services/3.3.9/ff41527f65f42ca67ab9ef458d81b1e675745f1b/
Launcher Type: SUN_STANDARD

Environment Variables:
JAVA_HOME=/root/.sdkman/candidates/java/current
PATH=/usr/local/sbin:/usr/local/bin:/usr/sbin:/usr/bin:/sbin:/bin

Signal Handlers:
SIGSEGV: [libjvm.so+0xad3e60], sa_mask[0]=11111111011111111101111111111110, sa_flags=SA_RESTART|SA_SIGINFO
SIGBUS: [libjvm.so+0xad3e60], sa_mask[0]=11111111011111111101111111111110, sa_flags=SA_RESTART|SA_SIGINFO
SIGFPE: [libjvm.so+0x90b880], sa_mask[0]=11111111011111111101111111111110, sa_flags=SA_RESTART|SA_SIGINFO
SIGPIPE: [libjvm.so+0x90b880], sa_mask[0]=11111111011111111101111111111110, sa_flags=SA_RESTART|SA_SIGINFO
SIGXFSZ: [libjvm.so+0x90b880], sa_mask[0]=11111111011111111101111111111110, sa_flags=SA_RESTART|SA_SIGINFO
SIGILL: [libjvm.so+0x90b880], sa_mask[0]=11111111011111111101111111111110, sa_flags=SA_RESTART|SA_SIGINFO
SIGUSR1: SIG_DFL, sa_mask[0]=00000000000000000000000000000000, sa_flags=none
SIGUSR2: [libjvm.so+0x90b750], sa_mask[0]=00100000000000000000000000000000, sa_flags=SA_RESTART|SA_SIGINFO
SIGHUP: [libjvm.so+0x90bd70], sa_mask[0]=11111111011111111101111111111110, sa_flags=SA_RESTART|SA_SIGINFO
SIGINT: [libjvm.so+0x90bd70], sa_mask[0]=11111111011111111101111111111110, sa_flags=SA_RESTART|SA_SIGINFO
SIGTERM: [libjvm.so+0x90bd70], sa_mask[0]=11111111011111111101111111111110, sa_flags=SA_RESTART|SA_SIGINFO
SIGQUIT: [libjvm.so+0x90bd70], sa_mask[0]=11111111011111111101111111111110, sa_flags=SA_RESTART|SA_SIGINFO


---------------  S Y S T E M  ---------------

OS:DISTRIB_ID=Ubuntu
DISTRIB_RELEASE=16.04
DISTRIB_CODENAME=xenial
DISTRIB_DESCRIPTION="Ubuntu 16.04.5 LTS"

uname:Linux 4.9.125-linuxkit #1 SMP Fri Sep 7 08:20:28 UTC 2018 x86_64
libc:glibc 2.23 NPTL 2.23 
rlimit: STACK 8192k, CORE 0k, NPROC infinity, NOFILE 1048576, AS infinity
load average:0.22 0.82 0.84

/proc/meminfo:
MemTotal:        2047036 kB
MemFree:          394264 kB
MemAvailable:     559448 kB
Buffers:           13744 kB
Cached:           269136 kB
SwapCached:         5044 kB
Active:          1397288 kB
Inactive:         168804 kB
Active(anon):    1198968 kB
Inactive(anon):    84664 kB
Active(file):     198320 kB
Inactive(file):    84140 kB
Unevictable:           0 kB
Mlocked:               0 kB
SwapTotal:       1048572 kB
SwapFree:         915120 kB
Dirty:                24 kB
Writeback:             0 kB
AnonPages:       1278592 kB
Mapped:            87580 kB
Shmem:               388 kB
Slab:              54368 kB
SReclaimable:      29056 kB
SUnreclaim:        25312 kB
KernelStack:        9616 kB
PageTables:         5960 kB
NFS_Unstable:          0 kB
Bounce:                0 kB
WritebackTmp:          0 kB
CommitLimit:     2072088 kB
Committed_AS:    3424684 kB
VmallocTotal:   34359738367 kB
VmallocUsed:           0 kB
VmallocChunk:          0 kB
AnonHugePages:         0 kB
ShmemHugePages:        0 kB
ShmemPmdMapped:        0 kB
HugePages_Total:       0
HugePages_Free:        0
HugePages_Rsvd:        0
HugePages_Surp:        0
Hugepagesize:       2048 kB
DirectMap4k:       64940 kB
DirectMap2M:     2031616 kB
DirectMap1G:           0 kB

container (cgroup) information:
container_type: cgroupv1
cpu_cpuset_cpus: 0-1
cpu_memory_nodes: 0
active_processor_count: 2
cpu_quota: -1
cpu_period: 100000
cpu_shares: -1
memory_limit_in_bytes: -1
memory_and_swap_limit_in_bytes: -1
memory_soft_limit_in_bytes: -1
memory_usage_in_bytes: 1143238656
memory_max_usage_in_bytes: 1320493056


CPU:total 2 (initial active 2) (1 cores per cpu, 1 threads per core) family 6 model 142 stepping 9, cmov, cx8, fxsr, mmx, sse, sse2, sse3, ssse3, sse4.1, sse4.2, popcnt, avx, avx2, aes, clmul, erms, rtm, 3dnowpref, lzcnt, tsc, tscinvbit, bmi1, bmi2

/proc/cpuinfo:
processor	: 0
vendor_id	: GenuineIntel
cpu family	: 6
model		: 142
model name	: Intel(R) Core(TM) i5-7360U CPU @ 2.30GHz
stepping	: 9
cpu MHz		: 2300.000
cache size	: 4096 KB
physical id	: 0
siblings	: 1
core id		: 0
cpu cores	: 1
apicid		: 0
initial apicid	: 0
fpu		: yes
fpu_exception	: yes
cpuid level	: 22
wp		: yes
flags		: fpu vme de pse tsc msr pae mce cx8 apic sep mtrr pge mca cmov pat pse36 clflush mmx fxsr sse sse2 ss ht pbe syscall nx pdpe1gb lm constant_tsc rep_good nopl xtopology nonstop_tsc pni pclmulqdq dtes64 ds_cpl ssse3 sdbg fma cx16 xtpr pcid sse4_1 sse4_2 movbe popcnt aes xsave avx f16c rdrand hypervisor lahf_lm abm 3dnowprefetch kaiser fsgsbase bmi1 hle avx2 bmi2 erms rtm xsaveopt arat
bugs		: cpu_meltdown spectre_v1 spectre_v2 spec_store_bypass l1tf
bogomips	: 4608.00
clflush size	: 64
cache_alignment	: 64
address sizes	: 39 bits physical, 48 bits virtual
power management:

processor	: 1
vendor_id	: GenuineIntel
cpu family	: 6
model		: 142
model name	: Intel(R) Core(TM) i5-7360U CPU @ 2.30GHz
stepping	: 9
cpu MHz		: 2300.000
cache size	: 4096 KB
physical id	: 1
siblings	: 1
core id		: 0
cpu cores	: 1
apicid		: 1
initial apicid	: 1
fpu		: yes
fpu_exception	: yes
cpuid level	: 22
wp		: yes
flags		: fpu vme de pse tsc msr pae mce cx8 apic sep mtrr pge mca cmov pat pse36 clflush mmx fxsr sse sse2 ss ht pbe syscall nx pdpe1gb lm constant_tsc rep_good nopl xtopology nonstop_tsc pni pclmulqdq dtes64 ds_cpl ssse3 sdbg fma cx16 xtpr pcid sse4_1 sse4_2 movbe popcnt aes xsave avx f16c rdrand hypervisor lahf_lm abm 3dnowprefetch kaiser fsgsbase bmi1 hle avx2 bmi2 erms rtm xsaveopt arat
bugs		: cpu_meltdown spectre_v1 spectre_v2 spec_store_bypass l1tf
bogomips	: 4543.81
clflush size	: 64
cache_alignment	: 64
address sizes	: 39 bits physical, 48 bits virtual
power management:



Memory: 4k page, physical 2047036k(394264k free), swap 1048572k(915120k free)

vm_info: Java HotSpot(TM) 64-Bit Server VM (25.201-b09) for linux-amd64 JRE (1.8.0_201-b09), built on Dec 15 2018 11:35:59 by "java_re" with gcc 7.3.0

time: Wed Mar 13 17:14:09 2019
timezone: UTC
elapsed time: 359 seconds (0d 0h 5m 59s)

